2021-06-24 09:43:18.3225||DEBUG|Theater.Grpc.Server.User.Program|Application Starting Up 
2021-06-24 09:43:22.9282||INFO|Microsoft.Hosting.Lifetime|Now listening on: https://localhost:5001 
2021-06-24 09:43:22.9587||INFO|Microsoft.Hosting.Lifetime|Application started. Press Ctrl+C to shut down. 
2021-06-24 09:43:22.9587||INFO|Microsoft.Hosting.Lifetime|Hosting environment: Development 
2021-06-24 09:43:22.9587||INFO|Microsoft.Hosting.Lifetime|Content root path: D:\code\Theater.Api\Theater.Grpc.Server.User 
2021-06-24 09:46:45.7920||DEBUG|Theater.Grpc.Server.User.Program|Application Starting Up 
2021-06-24 09:46:50.4116||INFO|Microsoft.Hosting.Lifetime|Now listening on: https://localhost:5001 
2021-06-24 09:46:50.4446||INFO|Microsoft.Hosting.Lifetime|Application started. Press Ctrl+C to shut down. 
2021-06-24 09:46:50.4478||INFO|Microsoft.Hosting.Lifetime|Hosting environment: Development 
2021-06-24 09:46:50.4478||INFO|Microsoft.Hosting.Lifetime|Content root path: D:\code\Theater.Api\Theater.Grpc.Server.User 
2021-06-24 09:49:01.6562||DEBUG|Theater.Grpc.Server.User.Program|Application Starting Up 
2021-06-24 09:49:06.9205||INFO|Microsoft.Hosting.Lifetime|Now listening on: https://localhost:5001 
2021-06-24 09:49:06.9363||INFO|Microsoft.Hosting.Lifetime|Application started. Press Ctrl+C to shut down. 
2021-06-24 09:49:06.9363||INFO|Microsoft.Hosting.Lifetime|Hosting environment: Development 
2021-06-24 09:49:06.9363||INFO|Microsoft.Hosting.Lifetime|Content root path: D:\code\Theater.Api\Theater.Grpc.Server.User 
2021-06-24 10:44:00.6453||DEBUG|Theater.Grpc.Server.User.Program|Application Starting Up 
2021-06-24 10:44:02.8147||INFO|Microsoft.Hosting.Lifetime|Now listening on: https://localhost:5001 
2021-06-24 10:44:02.8274||INFO|Microsoft.Hosting.Lifetime|Application started. Press Ctrl+C to shut down. 
2021-06-24 10:44:02.8274||INFO|Microsoft.Hosting.Lifetime|Hosting environment: Development 
2021-06-24 10:44:02.8274||INFO|Microsoft.Hosting.Lifetime|Content root path: D:\code\Theater.Api\Theater.Grpc.Server.User 
2021-06-24 11:53:30.3222||DEBUG|Theater.Grpc.Server.User.Program|Application Starting Up 
2021-06-24 11:53:35.3392||INFO|Microsoft.Hosting.Lifetime|Now listening on: https://localhost:5001 
2021-06-24 11:53:35.3677||INFO|Microsoft.Hosting.Lifetime|Application started. Press Ctrl+C to shut down. 
2021-06-24 11:53:35.3685||INFO|Microsoft.Hosting.Lifetime|Hosting environment: Development 
2021-06-24 11:53:35.3685||INFO|Microsoft.Hosting.Lifetime|Content root path: D:\code\Theater.Api\Theater.Grpc.Server.User 
2021-06-24 11:54:34.9914|1|INFO|Microsoft.AspNetCore.Hosting.Diagnostics|Request starting HTTP/2 POST https://localhost:5001/Theater.Grpc.Login.Login/GetLoginById application/grpc  
2021-06-24 11:54:35.0608|0|INFO|Microsoft.AspNetCore.Routing.EndpointMiddleware|Executing endpoint 'gRPC - /Theater.Grpc.Login.Login/GetLoginById' 
2021-06-24 11:54:38.1149|1|INFO|Microsoft.AspNetCore.Routing.EndpointMiddleware|Executed endpoint 'gRPC - /Theater.Grpc.Login.Login/GetLoginById' 
2021-06-24 11:54:38.1234|2|INFO|Microsoft.AspNetCore.Hosting.Diagnostics|Request finished in 3132.4081ms 200 application/grpc 
2021-06-24 11:55:27.1585|1|INFO|Microsoft.AspNetCore.Hosting.Diagnostics|Request starting HTTP/2 POST https://localhost:5001/Theater.Grpc.Login.Login/GetLoginById application/grpc  
2021-06-24 11:55:27.1585|0|INFO|Microsoft.AspNetCore.Routing.EndpointMiddleware|Executing endpoint 'gRPC - /Theater.Grpc.Login.Login/GetLoginById' 
2021-06-24 11:55:27.2569|1|INFO|Microsoft.AspNetCore.Routing.EndpointMiddleware|Executed endpoint 'gRPC - /Theater.Grpc.Login.Login/GetLoginById' 
2021-06-24 11:55:27.2569|2|INFO|Microsoft.AspNetCore.Hosting.Diagnostics|Request finished in 99.9917ms 200 application/grpc 
2021-06-24 11:55:39.8555|1|INFO|Microsoft.AspNetCore.Hosting.Diagnostics|Request starting HTTP/2 POST https://localhost:5001/Theater.Grpc.Login.Login/GetLoginById application/grpc  
2021-06-24 11:55:39.8555|0|INFO|Microsoft.AspNetCore.Routing.EndpointMiddleware|Executing endpoint 'gRPC - /Theater.Grpc.Login.Login/GetLoginById' 
2021-06-24 11:55:39.9355|1|INFO|Microsoft.AspNetCore.Routing.EndpointMiddleware|Executed endpoint 'gRPC - /Theater.Grpc.Login.Login/GetLoginById' 
2021-06-24 11:55:39.9355|2|INFO|Microsoft.AspNetCore.Hosting.Diagnostics|Request finished in 83.7456ms 200 application/grpc 
2021-06-24 11:56:07.1649|1|INFO|Microsoft.AspNetCore.Hosting.Diagnostics|Request starting HTTP/2 POST https://localhost:5001/Theater.Grpc.Login.Login/GetLoginById application/grpc  
2021-06-24 11:56:07.1649|0|INFO|Microsoft.AspNetCore.Routing.EndpointMiddleware|Executing endpoint 'gRPC - /Theater.Grpc.Login.Login/GetLoginById' 
2021-06-24 11:56:07.2320|1|INFO|Microsoft.AspNetCore.Routing.EndpointMiddleware|Executed endpoint 'gRPC - /Theater.Grpc.Login.Login/GetLoginById' 
2021-06-24 11:56:07.2320|2|INFO|Microsoft.AspNetCore.Hosting.Diagnostics|Request finished in 76.6686ms 200 application/grpc 
2021-06-24 11:56:22.9631|1|INFO|Microsoft.AspNetCore.Hosting.Diagnostics|Request starting HTTP/2 POST https://localhost:5001/Theater.Grpc.Login.Login/GetLoginById application/grpc  
2021-06-24 11:56:22.9631|0|INFO|Microsoft.AspNetCore.Routing.EndpointMiddleware|Executing endpoint 'gRPC - /Theater.Grpc.Login.Login/GetLoginById' 
2021-06-24 11:56:23.0097|1|INFO|Microsoft.AspNetCore.Routing.EndpointMiddleware|Executed endpoint 'gRPC - /Theater.Grpc.Login.Login/GetLoginById' 
2021-06-24 11:56:23.0097|2|INFO|Microsoft.AspNetCore.Hosting.Diagnostics|Request finished in 48.155ms 200 application/grpc 
2021-06-24 11:56:46.5660|1|INFO|Microsoft.AspNetCore.Hosting.Diagnostics|Request starting HTTP/2 POST https://localhost:5001/Theater.Grpc.Login.Login/GetLoginById application/grpc  
2021-06-24 11:56:46.5660|0|INFO|Microsoft.AspNetCore.Routing.EndpointMiddleware|Executing endpoint 'gRPC - /Theater.Grpc.Login.Login/GetLoginById' 
2021-06-24 11:56:46.6495|1|INFO|Microsoft.AspNetCore.Routing.EndpointMiddleware|Executed endpoint 'gRPC - /Theater.Grpc.Login.Login/GetLoginById' 
2021-06-24 11:56:46.6529|2|INFO|Microsoft.AspNetCore.Hosting.Diagnostics|Request finished in 86.8885ms 200 application/grpc 
2021-06-24 11:56:52.8713|1|INFO|Microsoft.AspNetCore.Hosting.Diagnostics|Request starting HTTP/2 POST https://localhost:5001/Theater.Grpc.Login.Login/GetLoginById application/grpc  
2021-06-24 11:56:52.8996|0|INFO|Microsoft.AspNetCore.Routing.EndpointMiddleware|Executing endpoint 'gRPC - /Theater.Grpc.Login.Login/GetLoginById' 
2021-06-24 11:56:52.9720|1|INFO|Microsoft.AspNetCore.Routing.EndpointMiddleware|Executed endpoint 'gRPC - /Theater.Grpc.Login.Login/GetLoginById' 
2021-06-24 11:56:52.9720|2|INFO|Microsoft.AspNetCore.Hosting.Diagnostics|Request finished in 102.4326ms 200 application/grpc 
2021-06-24 11:56:58.7651|1|INFO|Microsoft.AspNetCore.Hosting.Diagnostics|Request starting HTTP/2 POST https://localhost:5001/Theater.Grpc.Login.Login/GetLoginById application/grpc  
2021-06-24 11:56:58.7651|0|INFO|Microsoft.AspNetCore.Routing.EndpointMiddleware|Executing endpoint 'gRPC - /Theater.Grpc.Login.Login/GetLoginById' 
2021-06-24 11:56:58.8294|1|INFO|Microsoft.AspNetCore.Routing.EndpointMiddleware|Executed endpoint 'gRPC - /Theater.Grpc.Login.Login/GetLoginById' 
2021-06-24 11:56:58.8294|2|INFO|Microsoft.AspNetCore.Hosting.Diagnostics|Request finished in 66.5855ms 200 application/grpc 
2021-06-24 11:57:01.7710|1|INFO|Microsoft.AspNetCore.Hosting.Diagnostics|Request starting HTTP/2 POST https://localhost:5001/Theater.Grpc.Login.Login/GetLoginById application/grpc  
2021-06-24 11:57:01.7761|0|INFO|Microsoft.AspNetCore.Routing.EndpointMiddleware|Executing endpoint 'gRPC - /Theater.Grpc.Login.Login/GetLoginById' 
2021-06-24 11:57:01.8156|1|INFO|Microsoft.AspNetCore.Routing.EndpointMiddleware|Executed endpoint 'gRPC - /Theater.Grpc.Login.Login/GetLoginById' 
2021-06-24 11:57:01.8156|2|INFO|Microsoft.AspNetCore.Hosting.Diagnostics|Request finished in 48.911ms 200 application/grpc 
2021-06-24 11:57:10.7905|1|INFO|Microsoft.AspNetCore.Hosting.Diagnostics|Request starting HTTP/2 POST https://localhost:5001/Theater.Grpc.Login.Login/GetLoginById application/grpc  
2021-06-24 11:57:10.7905|0|INFO|Microsoft.AspNetCore.Routing.EndpointMiddleware|Executing endpoint 'gRPC - /Theater.Grpc.Login.Login/GetLoginById' 
2021-06-24 11:57:10.8299|1|INFO|Microsoft.AspNetCore.Routing.EndpointMiddleware|Executed endpoint 'gRPC - /Theater.Grpc.Login.Login/GetLoginById' 
2021-06-24 11:57:10.9083|2|INFO|Microsoft.AspNetCore.Hosting.Diagnostics|Request finished in 117.8094ms 200 application/grpc 
2021-06-24 11:57:31.7657|1|INFO|Microsoft.AspNetCore.Hosting.Diagnostics|Request starting HTTP/2 POST https://localhost:5001/Theater.Grpc.Login.Login/GetLoginById application/grpc  
2021-06-24 11:57:31.7657|0|INFO|Microsoft.AspNetCore.Routing.EndpointMiddleware|Executing endpoint 'gRPC - /Theater.Grpc.Login.Login/GetLoginById' 
2021-06-24 11:57:31.8033|1|INFO|Microsoft.AspNetCore.Routing.EndpointMiddleware|Executed endpoint 'gRPC - /Theater.Grpc.Login.Login/GetLoginById' 
2021-06-24 11:57:31.8033|2|INFO|Microsoft.AspNetCore.Hosting.Diagnostics|Request finished in 39.4506ms 200 application/grpc 
2021-06-24 12:07:12.1066||DEBUG|Theater.Grpc.Server.User.Program|Application Starting Up 
2021-06-24 12:07:15.3880||INFO|Microsoft.Hosting.Lifetime|Now listening on: https://localhost:5001 
2021-06-24 12:07:15.4053||INFO|Microsoft.Hosting.Lifetime|Application started. Press Ctrl+C to shut down. 
2021-06-24 12:07:15.4053||INFO|Microsoft.Hosting.Lifetime|Hosting environment: Development 
2021-06-24 12:07:15.4053||INFO|Microsoft.Hosting.Lifetime|Content root path: D:\code\Theater.Api\Theater.Grpc.Server.User 
2021-06-24 12:07:30.0008|1|INFO|Microsoft.AspNetCore.Hosting.Diagnostics|Request starting HTTP/2 POST https://localhost:5001/Theater.Grpc.Login.Login/GetLoginById application/grpc  
2021-06-24 12:07:30.0566|0|INFO|Microsoft.AspNetCore.Routing.EndpointMiddleware|Executing endpoint 'gRPC - /Theater.Grpc.Login.Login/GetLoginById' 
2021-06-24 12:07:34.3744|1|INFO|Microsoft.AspNetCore.Routing.EndpointMiddleware|Executed endpoint 'gRPC - /Theater.Grpc.Login.Login/GetLoginById' 
2021-06-24 12:07:34.3744|2|INFO|Microsoft.AspNetCore.Hosting.Diagnostics|Request finished in 4380.5601ms 200 application/grpc 
2021-06-24 12:07:35.6443|1|INFO|Microsoft.AspNetCore.Hosting.Diagnostics|Request starting HTTP/2 POST https://localhost:5001/Theater.Grpc.Login.Login/GetLoginById application/grpc  
2021-06-24 12:07:35.6443|0|INFO|Microsoft.AspNetCore.Routing.EndpointMiddleware|Executing endpoint 'gRPC - /Theater.Grpc.Login.Login/GetLoginById' 
2021-06-24 12:07:35.7604|7|INFO|Grpc.AspNetCore.Server.ServerCallHandler|Error status code 'Cancelled' raised. Grpc.Core.RpcException: Status(StatusCode=Cancelled, Detail="No message returned from method.")
   at Grpc.AspNetCore.Server.Internal.CallHandlers.UnaryServerCallHandler`3.HandleCallAsyncCore(HttpContext httpContext, HttpContextServerCallContext serverCallContext)
   at Grpc.AspNetCore.Server.Internal.CallHandlers.ServerCallHandlerBase`3.<HandleCallAsync>g__AwaitHandleCall|8_0(HttpContextServerCallContext serverCallContext, Method`2 method, Task handleCall)
2021-06-24 12:07:35.8449|1|INFO|Microsoft.AspNetCore.Routing.EndpointMiddleware|Executed endpoint 'gRPC - /Theater.Grpc.Login.Login/GetLoginById' 
2021-06-24 12:07:35.8449|2|INFO|Microsoft.AspNetCore.Hosting.Diagnostics|Request finished in 202.0275ms 200 application/grpc 
2021-06-24 12:08:07.9785|1|INFO|Microsoft.AspNetCore.Hosting.Diagnostics|Request starting HTTP/2 POST https://localhost:5001/Theater.Grpc.Login.Login/GetLoginById application/grpc  
2021-06-24 12:08:07.9785|0|INFO|Microsoft.AspNetCore.Routing.EndpointMiddleware|Executing endpoint 'gRPC - /Theater.Grpc.Login.Login/GetLoginById' 
2021-06-24 12:08:08.0242|1|INFO|Microsoft.AspNetCore.Routing.EndpointMiddleware|Executed endpoint 'gRPC - /Theater.Grpc.Login.Login/GetLoginById' 
2021-06-24 12:08:08.0242|2|INFO|Microsoft.AspNetCore.Hosting.Diagnostics|Request finished in 46.9205ms 200 application/grpc 
2021-06-24 12:08:43.4224|1|INFO|Microsoft.AspNetCore.Hosting.Diagnostics|Request starting HTTP/2 POST https://localhost:5001/Theater.Grpc.Login.Login/GetLoginById application/grpc  
2021-06-24 12:08:43.4224|0|INFO|Microsoft.AspNetCore.Routing.EndpointMiddleware|Executing endpoint 'gRPC - /Theater.Grpc.Login.Login/GetLoginById' 
2021-06-24 12:08:43.5422|1|INFO|Microsoft.AspNetCore.Routing.EndpointMiddleware|Executed endpoint 'gRPC - /Theater.Grpc.Login.Login/GetLoginById' 
2021-06-24 12:08:43.5422|2|INFO|Microsoft.AspNetCore.Hosting.Diagnostics|Request finished in 121.9014ms 200 application/grpc 
2021-06-24 12:08:52.0361|1|INFO|Microsoft.AspNetCore.Hosting.Diagnostics|Request starting HTTP/2 POST https://localhost:5001/Theater.Grpc.Login.Login/GetLoginById application/grpc  
2021-06-24 12:08:52.0361|0|INFO|Microsoft.AspNetCore.Routing.EndpointMiddleware|Executing endpoint 'gRPC - /Theater.Grpc.Login.Login/GetLoginById' 
2021-06-24 12:08:52.0987|7|INFO|Grpc.AspNetCore.Server.ServerCallHandler|Error status code 'Cancelled' raised. Grpc.Core.RpcException: Status(StatusCode=Cancelled, Detail="No message returned from method.")
   at Grpc.AspNetCore.Server.Internal.CallHandlers.UnaryServerCallHandler`3.HandleCallAsyncCore(HttpContext httpContext, HttpContextServerCallContext serverCallContext)
   at Grpc.AspNetCore.Server.Internal.CallHandlers.ServerCallHandlerBase`3.<HandleCallAsync>g__AwaitHandleCall|8_0(HttpContextServerCallContext serverCallContext, Method`2 method, Task handleCall)
2021-06-24 12:08:52.0987|1|INFO|Microsoft.AspNetCore.Routing.EndpointMiddleware|Executed endpoint 'gRPC - /Theater.Grpc.Login.Login/GetLoginById' 
2021-06-24 12:08:52.0987|2|INFO|Microsoft.AspNetCore.Hosting.Diagnostics|Request finished in 65.1538ms 200 application/grpc 
2021-06-24 12:09:33.9276|1|INFO|Microsoft.AspNetCore.Hosting.Diagnostics|Request starting HTTP/2 POST https://localhost:5001/Theater.Grpc.Login.Login/GetLoginById application/grpc  
2021-06-24 12:09:33.9351|0|INFO|Microsoft.AspNetCore.Routing.EndpointMiddleware|Executing endpoint 'gRPC - /Theater.Grpc.Login.Login/GetLoginById' 
2021-06-24 12:09:33.9733|1|INFO|Microsoft.AspNetCore.Routing.EndpointMiddleware|Executed endpoint 'gRPC - /Theater.Grpc.Login.Login/GetLoginById' 
2021-06-24 12:09:33.9733|2|INFO|Microsoft.AspNetCore.Hosting.Diagnostics|Request finished in 47.5859ms 200 application/grpc 
2021-06-24 12:09:52.9788|1|INFO|Microsoft.AspNetCore.Hosting.Diagnostics|Request starting HTTP/2 POST https://localhost:5001/Theater.Grpc.Login.Login/GetLoginById application/grpc  
2021-06-24 12:09:52.9788|0|INFO|Microsoft.AspNetCore.Routing.EndpointMiddleware|Executing endpoint 'gRPC - /Theater.Grpc.Login.Login/GetLoginById' 
2021-06-24 12:09:53.0617|1|INFO|Microsoft.AspNetCore.Routing.EndpointMiddleware|Executed endpoint 'gRPC - /Theater.Grpc.Login.Login/GetLoginById' 
2021-06-24 12:09:53.0617|2|INFO|Microsoft.AspNetCore.Hosting.Diagnostics|Request finished in 85.7837ms 200 application/grpc 
2021-06-24 12:09:55.7986|1|INFO|Microsoft.AspNetCore.Hosting.Diagnostics|Request starting HTTP/2 POST https://localhost:5001/Theater.Grpc.Login.Login/GetLoginById application/grpc  
2021-06-24 12:09:55.7986|0|INFO|Microsoft.AspNetCore.Routing.EndpointMiddleware|Executing endpoint 'gRPC - /Theater.Grpc.Login.Login/GetLoginById' 
2021-06-24 12:09:55.9168|7|INFO|Grpc.AspNetCore.Server.ServerCallHandler|Error status code 'Cancelled' raised. Grpc.Core.RpcException: Status(StatusCode=Cancelled, Detail="No message returned from method.")
   at Grpc.AspNetCore.Server.Internal.CallHandlers.UnaryServerCallHandler`3.HandleCallAsyncCore(HttpContext httpContext, HttpContextServerCallContext serverCallContext)
   at Grpc.AspNetCore.Server.Internal.CallHandlers.ServerCallHandlerBase`3.<HandleCallAsync>g__AwaitHandleCall|8_0(HttpContextServerCallContext serverCallContext, Method`2 method, Task handleCall)
2021-06-24 12:09:55.9168|1|INFO|Microsoft.AspNetCore.Routing.EndpointMiddleware|Executed endpoint 'gRPC - /Theater.Grpc.Login.Login/GetLoginById' 
2021-06-24 12:09:55.9168|2|INFO|Microsoft.AspNetCore.Hosting.Diagnostics|Request finished in 122.6604ms 200 application/grpc 
2021-06-24 12:10:10.5945|1|INFO|Microsoft.AspNetCore.Hosting.Diagnostics|Request starting HTTP/2 POST https://localhost:5001/Theater.Grpc.Login.Login/GetLoginById application/grpc  
2021-06-24 12:10:10.6029|0|INFO|Microsoft.AspNetCore.Routing.EndpointMiddleware|Executing endpoint 'gRPC - /Theater.Grpc.Login.Login/GetLoginById' 
2021-06-24 12:10:10.6407|1|INFO|Microsoft.AspNetCore.Routing.EndpointMiddleware|Executed endpoint 'gRPC - /Theater.Grpc.Login.Login/GetLoginById' 
2021-06-24 12:10:10.6407|2|INFO|Microsoft.AspNetCore.Hosting.Diagnostics|Request finished in 47.6953ms 200 application/grpc 
2021-06-24 12:10:35.5269|1|INFO|Microsoft.AspNetCore.Hosting.Diagnostics|Request starting HTTP/2 POST https://localhost:5001/Theater.Grpc.Login.Login/GetLoginById application/grpc  
2021-06-24 12:10:35.5269|0|INFO|Microsoft.AspNetCore.Routing.EndpointMiddleware|Executing endpoint 'gRPC - /Theater.Grpc.Login.Login/GetLoginById' 
2021-06-24 12:10:35.5704|1|INFO|Microsoft.AspNetCore.Routing.EndpointMiddleware|Executed endpoint 'gRPC - /Theater.Grpc.Login.Login/GetLoginById' 
2021-06-24 12:10:35.5739|2|INFO|Microsoft.AspNetCore.Hosting.Diagnostics|Request finished in 46.7197ms 200 application/grpc 
2021-06-24 12:10:38.7173|1|INFO|Microsoft.AspNetCore.Hosting.Diagnostics|Request starting HTTP/2 POST https://localhost:5001/Theater.Grpc.Login.Login/GetLoginById application/grpc  
2021-06-24 12:10:38.7173|0|INFO|Microsoft.AspNetCore.Routing.EndpointMiddleware|Executing endpoint 'gRPC - /Theater.Grpc.Login.Login/GetLoginById' 
2021-06-24 12:10:38.7473|7|INFO|Grpc.AspNetCore.Server.ServerCallHandler|Error status code 'Cancelled' raised. Grpc.Core.RpcException: Status(StatusCode=Cancelled, Detail="No message returned from method.")
   at Grpc.AspNetCore.Server.Internal.CallHandlers.UnaryServerCallHandler`3.HandleCallAsyncCore(HttpContext httpContext, HttpContextServerCallContext serverCallContext)
   at Grpc.AspNetCore.Server.Internal.CallHandlers.ServerCallHandlerBase`3.<HandleCallAsync>g__AwaitHandleCall|8_0(HttpContextServerCallContext serverCallContext, Method`2 method, Task handleCall)
2021-06-24 12:10:38.7473|1|INFO|Microsoft.AspNetCore.Routing.EndpointMiddleware|Executed endpoint 'gRPC - /Theater.Grpc.Login.Login/GetLoginById' 
2021-06-24 12:10:38.7473|2|INFO|Microsoft.AspNetCore.Hosting.Diagnostics|Request finished in 32.5031ms 200 application/grpc 
2021-06-24 12:11:12.3183|1|INFO|Microsoft.AspNetCore.Hosting.Diagnostics|Request starting HTTP/2 POST https://localhost:5001/Theater.Grpc.Login.Login/GetLoginById application/grpc  
2021-06-24 12:11:12.3183|0|INFO|Microsoft.AspNetCore.Routing.EndpointMiddleware|Executing endpoint 'gRPC - /Theater.Grpc.Login.Login/GetLoginById' 
2021-06-24 12:11:12.3526|1|INFO|Microsoft.AspNetCore.Routing.EndpointMiddleware|Executed endpoint 'gRPC - /Theater.Grpc.Login.Login/GetLoginById' 
2021-06-24 12:11:12.3526|2|INFO|Microsoft.AspNetCore.Hosting.Diagnostics|Request finished in 36.0193ms 200 application/grpc 
2021-06-24 12:11:12.5290|1|INFO|Microsoft.AspNetCore.Hosting.Diagnostics|Request starting HTTP/2 POST https://localhost:5001/Theater.Grpc.Login.Login/GetLoginById application/grpc  
2021-06-24 12:11:12.5290|0|INFO|Microsoft.AspNetCore.Routing.EndpointMiddleware|Executing endpoint 'gRPC - /Theater.Grpc.Login.Login/GetLoginById' 
2021-06-24 12:11:12.6556|1|INFO|Microsoft.AspNetCore.Routing.EndpointMiddleware|Executed endpoint 'gRPC - /Theater.Grpc.Login.Login/GetLoginById' 
2021-06-24 12:11:12.6556|2|INFO|Microsoft.AspNetCore.Hosting.Diagnostics|Request finished in 128.6429ms 200 application/grpc 
2021-06-24 12:12:13.2170|1|INFO|Microsoft.AspNetCore.Hosting.Diagnostics|Request starting HTTP/2 POST https://localhost:5001/Theater.Grpc.Login.Login/GetLoginById application/grpc  
2021-06-24 12:12:13.2170|0|INFO|Microsoft.AspNetCore.Routing.EndpointMiddleware|Executing endpoint 'gRPC - /Theater.Grpc.Login.Login/GetLoginById' 
2021-06-24 12:12:13.3141|1|INFO|Microsoft.AspNetCore.Routing.EndpointMiddleware|Executed endpoint 'gRPC - /Theater.Grpc.Login.Login/GetLoginById' 
2021-06-24 12:12:13.3141|2|INFO|Microsoft.AspNetCore.Hosting.Diagnostics|Request finished in 98.1003ms 200 application/grpc 
2021-06-24 12:12:16.3438|1|INFO|Microsoft.AspNetCore.Hosting.Diagnostics|Request starting HTTP/2 POST https://localhost:5001/Theater.Grpc.Login.Login/GetLoginById application/grpc  
2021-06-24 12:12:16.3438|0|INFO|Microsoft.AspNetCore.Routing.EndpointMiddleware|Executing endpoint 'gRPC - /Theater.Grpc.Login.Login/GetLoginById' 
2021-06-24 12:12:16.4168|1|INFO|Microsoft.AspNetCore.Routing.EndpointMiddleware|Executed endpoint 'gRPC - /Theater.Grpc.Login.Login/GetLoginById' 
2021-06-24 12:12:16.4168|2|INFO|Microsoft.AspNetCore.Hosting.Diagnostics|Request finished in 74.6927ms 200 application/grpc 
2021-06-24 12:12:17.0226|1|INFO|Microsoft.AspNetCore.Hosting.Diagnostics|Request starting HTTP/2 POST https://localhost:5001/Theater.Grpc.Login.Login/GetLoginById application/grpc  
2021-06-24 12:12:17.0226|0|INFO|Microsoft.AspNetCore.Routing.EndpointMiddleware|Executing endpoint 'gRPC - /Theater.Grpc.Login.Login/GetLoginById' 
2021-06-24 12:12:17.0608|7|INFO|Grpc.AspNetCore.Server.ServerCallHandler|Error status code 'Cancelled' raised. Grpc.Core.RpcException: Status(StatusCode=Cancelled, Detail="No message returned from method.")
   at Grpc.AspNetCore.Server.Internal.CallHandlers.UnaryServerCallHandler`3.HandleCallAsyncCore(HttpContext httpContext, HttpContextServerCallContext serverCallContext)
   at Grpc.AspNetCore.Server.Internal.CallHandlers.ServerCallHandlerBase`3.<HandleCallAsync>g__AwaitHandleCall|8_0(HttpContextServerCallContext serverCallContext, Method`2 method, Task handleCall)
2021-06-24 12:12:17.0608|1|INFO|Microsoft.AspNetCore.Routing.EndpointMiddleware|Executed endpoint 'gRPC - /Theater.Grpc.Login.Login/GetLoginById' 
2021-06-24 12:12:17.0608|2|INFO|Microsoft.AspNetCore.Hosting.Diagnostics|Request finished in 40.9413ms 200 application/grpc 
2021-06-24 12:12:34.3921|1|INFO|Microsoft.AspNetCore.Hosting.Diagnostics|Request starting HTTP/2 POST https://localhost:5001/Theater.Grpc.Login.Login/GetLoginById application/grpc  
2021-06-24 12:12:34.3921|0|INFO|Microsoft.AspNetCore.Routing.EndpointMiddleware|Executing endpoint 'gRPC - /Theater.Grpc.Login.Login/GetLoginById' 
2021-06-24 12:12:34.4248|1|INFO|Microsoft.AspNetCore.Routing.EndpointMiddleware|Executed endpoint 'gRPC - /Theater.Grpc.Login.Login/GetLoginById' 
2021-06-24 12:12:34.4248|2|INFO|Microsoft.AspNetCore.Hosting.Diagnostics|Request finished in 34.7815ms 200 application/grpc 
2021-06-24 12:12:34.5078|1|INFO|Microsoft.AspNetCore.Hosting.Diagnostics|Request starting HTTP/2 POST https://localhost:5001/Theater.Grpc.Login.Login/GetLoginById application/grpc  
2021-06-24 12:12:34.5078|0|INFO|Microsoft.AspNetCore.Routing.EndpointMiddleware|Executing endpoint 'gRPC - /Theater.Grpc.Login.Login/GetLoginById' 
2021-06-24 12:12:34.5395|1|INFO|Microsoft.AspNetCore.Routing.EndpointMiddleware|Executed endpoint 'gRPC - /Theater.Grpc.Login.Login/GetLoginById' 
2021-06-24 12:12:34.5412|2|INFO|Microsoft.AspNetCore.Hosting.Diagnostics|Request finished in 33.2889ms 200 application/grpc 
2021-06-24 12:12:40.2895|1|INFO|Microsoft.AspNetCore.Hosting.Diagnostics|Request starting HTTP/2 POST https://localhost:5001/Theater.Grpc.Login.Login/GetLoginById application/grpc  
2021-06-24 12:12:40.2907|0|INFO|Microsoft.AspNetCore.Routing.EndpointMiddleware|Executing endpoint 'gRPC - /Theater.Grpc.Login.Login/GetLoginById' 
2021-06-24 12:12:40.3178|7|INFO|Grpc.AspNetCore.Server.ServerCallHandler|Error status code 'Cancelled' raised. Grpc.Core.RpcException: Status(StatusCode=Cancelled, Detail="No message returned from method.")
   at Grpc.AspNetCore.Server.Internal.CallHandlers.UnaryServerCallHandler`3.HandleCallAsyncCore(HttpContext httpContext, HttpContextServerCallContext serverCallContext)
   at Grpc.AspNetCore.Server.Internal.CallHandlers.ServerCallHandlerBase`3.<HandleCallAsync>g__AwaitHandleCall|8_0(HttpContextServerCallContext serverCallContext, Method`2 method, Task handleCall)
2021-06-24 12:12:40.3178|1|INFO|Microsoft.AspNetCore.Routing.EndpointMiddleware|Executed endpoint 'gRPC - /Theater.Grpc.Login.Login/GetLoginById' 
2021-06-24 12:12:40.4090|2|INFO|Microsoft.AspNetCore.Hosting.Diagnostics|Request finished in 119.4157ms 200 application/grpc 
2021-06-24 12:12:40.5669|1|INFO|Microsoft.AspNetCore.Hosting.Diagnostics|Request starting HTTP/2 POST https://localhost:5001/Theater.Grpc.Login.Login/GetLoginById application/grpc  
2021-06-24 12:12:40.5669|0|INFO|Microsoft.AspNetCore.Routing.EndpointMiddleware|Executing endpoint 'gRPC - /Theater.Grpc.Login.Login/GetLoginById' 
2021-06-24 12:12:40.6389|7|INFO|Grpc.AspNetCore.Server.ServerCallHandler|Error status code 'Cancelled' raised. Grpc.Core.RpcException: Status(StatusCode=Cancelled, Detail="No message returned from method.")
   at Grpc.AspNetCore.Server.Internal.CallHandlers.UnaryServerCallHandler`3.HandleCallAsyncCore(HttpContext httpContext, HttpContextServerCallContext serverCallContext)
   at Grpc.AspNetCore.Server.Internal.CallHandlers.ServerCallHandlerBase`3.<HandleCallAsync>g__AwaitHandleCall|8_0(HttpContextServerCallContext serverCallContext, Method`2 method, Task handleCall)
2021-06-24 12:12:40.6389|1|INFO|Microsoft.AspNetCore.Routing.EndpointMiddleware|Executed endpoint 'gRPC - /Theater.Grpc.Login.Login/GetLoginById' 
2021-06-24 12:12:40.6389|2|INFO|Microsoft.AspNetCore.Hosting.Diagnostics|Request finished in 80.1924ms 200 application/grpc 
2021-06-24 12:13:10.4842|1|INFO|Microsoft.AspNetCore.Hosting.Diagnostics|Request starting HTTP/2 POST https://localhost:5001/Theater.Grpc.Login.Login/GetLoginById application/grpc  
2021-06-24 12:13:10.4842|0|INFO|Microsoft.AspNetCore.Routing.EndpointMiddleware|Executing endpoint 'gRPC - /Theater.Grpc.Login.Login/GetLoginById' 
2021-06-24 12:13:10.5189|1|INFO|Microsoft.AspNetCore.Routing.EndpointMiddleware|Executed endpoint 'gRPC - /Theater.Grpc.Login.Login/GetLoginById' 
2021-06-24 12:13:10.5189|2|INFO|Microsoft.AspNetCore.Hosting.Diagnostics|Request finished in 39.4991ms 200 application/grpc 
2021-06-24 12:14:14.2834|1|INFO|Microsoft.AspNetCore.Hosting.Diagnostics|Request starting HTTP/2 POST https://localhost:5001/Theater.Grpc.Login.Login/GetLoginById application/grpc  
2021-06-24 12:14:14.2834|0|INFO|Microsoft.AspNetCore.Routing.EndpointMiddleware|Executing endpoint 'gRPC - /Theater.Grpc.Login.Login/GetLoginById' 
2021-06-24 12:14:14.4777|1|INFO|Microsoft.AspNetCore.Routing.EndpointMiddleware|Executed endpoint 'gRPC - /Theater.Grpc.Login.Login/GetLoginById' 
2021-06-24 12:14:14.4777|2|INFO|Microsoft.AspNetCore.Hosting.Diagnostics|Request finished in 199.5602ms 200 application/grpc 
2021-06-24 12:14:16.0941|1|INFO|Microsoft.AspNetCore.Hosting.Diagnostics|Request starting HTTP/2 POST https://localhost:5001/Theater.Grpc.Login.Login/GetLoginById application/grpc  
2021-06-24 12:14:16.0941|0|INFO|Microsoft.AspNetCore.Routing.EndpointMiddleware|Executing endpoint 'gRPC - /Theater.Grpc.Login.Login/GetLoginById' 
2021-06-24 12:14:16.1219|7|INFO|Grpc.AspNetCore.Server.ServerCallHandler|Error status code 'Cancelled' raised. Grpc.Core.RpcException: Status(StatusCode=Cancelled, Detail="No message returned from method.")
   at Grpc.AspNetCore.Server.Internal.CallHandlers.UnaryServerCallHandler`3.HandleCallAsyncCore(HttpContext httpContext, HttpContextServerCallContext serverCallContext)
   at Grpc.AspNetCore.Server.Internal.CallHandlers.ServerCallHandlerBase`3.<HandleCallAsync>g__AwaitHandleCall|8_0(HttpContextServerCallContext serverCallContext, Method`2 method, Task handleCall)
2021-06-24 12:14:16.1219|1|INFO|Microsoft.AspNetCore.Routing.EndpointMiddleware|Executed endpoint 'gRPC - /Theater.Grpc.Login.Login/GetLoginById' 
2021-06-24 12:14:16.1219|2|INFO|Microsoft.AspNetCore.Hosting.Diagnostics|Request finished in 30.0559ms 200 application/grpc 
2021-06-24 12:14:29.0118|1|INFO|Microsoft.AspNetCore.Hosting.Diagnostics|Request starting HTTP/2 POST https://localhost:5001/Theater.Grpc.Login.Login/GetLoginById application/grpc  
2021-06-24 12:14:29.0118|0|INFO|Microsoft.AspNetCore.Routing.EndpointMiddleware|Executing endpoint 'gRPC - /Theater.Grpc.Login.Login/GetLoginById' 
2021-06-24 12:14:29.0410|1|INFO|Microsoft.AspNetCore.Routing.EndpointMiddleware|Executed endpoint 'gRPC - /Theater.Grpc.Login.Login/GetLoginById' 
2021-06-24 12:14:29.0410|2|INFO|Microsoft.AspNetCore.Hosting.Diagnostics|Request finished in 30.5426ms 200 application/grpc 
2021-06-24 12:14:29.1397|1|INFO|Microsoft.AspNetCore.Hosting.Diagnostics|Request starting HTTP/2 POST https://localhost:5001/Theater.Grpc.Login.Login/GetLoginById application/grpc  
2021-06-24 12:14:29.1397|0|INFO|Microsoft.AspNetCore.Routing.EndpointMiddleware|Executing endpoint 'gRPC - /Theater.Grpc.Login.Login/GetLoginById' 
2021-06-24 12:14:29.1642|1|INFO|Microsoft.AspNetCore.Routing.EndpointMiddleware|Executed endpoint 'gRPC - /Theater.Grpc.Login.Login/GetLoginById' 
2021-06-24 12:14:29.1642|2|INFO|Microsoft.AspNetCore.Hosting.Diagnostics|Request finished in 25.5882ms 200 application/grpc 
2021-06-24 13:25:40.8021||DEBUG|Theater.Grpc.Server.User.Program|Application Starting Up 
2021-06-24 13:25:44.9699||INFO|Microsoft.Hosting.Lifetime|Now listening on: https://localhost:5001 
2021-06-24 13:25:44.9849||INFO|Microsoft.Hosting.Lifetime|Application started. Press Ctrl+C to shut down. 
2021-06-24 13:25:44.9849||INFO|Microsoft.Hosting.Lifetime|Hosting environment: Development 
2021-06-24 13:25:44.9849||INFO|Microsoft.Hosting.Lifetime|Content root path: D:\code\Theater.Api\Theater.Grpc.Server.User 
2021-06-24 13:26:11.7698|1|INFO|Microsoft.AspNetCore.Hosting.Diagnostics|Request starting HTTP/2 POST https://localhost:5001/Theater.Grpc.Login.Login/GetLoginById application/grpc  
2021-06-24 13:26:11.8454|0|INFO|Microsoft.AspNetCore.Routing.EndpointMiddleware|Executing endpoint 'gRPC - /Theater.Grpc.Login.Login/GetLoginById' 
2021-06-24 13:26:14.5613|7|INFO|Grpc.AspNetCore.Server.ServerCallHandler|Error status code 'Cancelled' raised. Grpc.Core.RpcException: Status(StatusCode=Cancelled, Detail="No message returned from method.")
   at Grpc.AspNetCore.Server.Internal.CallHandlers.UnaryServerCallHandler`3.HandleCallAsyncCore(HttpContext httpContext, HttpContextServerCallContext serverCallContext)
   at Grpc.AspNetCore.Server.Internal.CallHandlers.ServerCallHandlerBase`3.<HandleCallAsync>g__AwaitHandleCall|8_0(HttpContextServerCallContext serverCallContext, Method`2 method, Task handleCall)
2021-06-24 13:26:14.6086|1|INFO|Microsoft.AspNetCore.Routing.EndpointMiddleware|Executed endpoint 'gRPC - /Theater.Grpc.Login.Login/GetLoginById' 
2021-06-24 13:26:14.6086|2|INFO|Microsoft.AspNetCore.Hosting.Diagnostics|Request finished in 2847.0024ms 200 application/grpc 
2021-06-24 13:26:29.2753|1|INFO|Microsoft.AspNetCore.Hosting.Diagnostics|Request starting HTTP/2 POST https://localhost:5001/Theater.Grpc.Login.Login/GetLoginById application/grpc  
2021-06-24 13:26:29.2753|0|INFO|Microsoft.AspNetCore.Routing.EndpointMiddleware|Executing endpoint 'gRPC - /Theater.Grpc.Login.Login/GetLoginById' 
2021-06-24 13:26:29.5600|1|INFO|Microsoft.AspNetCore.Routing.EndpointMiddleware|Executed endpoint 'gRPC - /Theater.Grpc.Login.Login/GetLoginById' 
2021-06-24 13:26:29.5600|2|INFO|Microsoft.AspNetCore.Hosting.Diagnostics|Request finished in 286.7776ms 200 application/grpc 
2021-06-24 13:26:29.9507|1|INFO|Microsoft.AspNetCore.Hosting.Diagnostics|Request starting HTTP/2 POST https://localhost:5001/Theater.Grpc.Login.Login/GetLoginById application/grpc  
2021-06-24 13:26:29.9507|0|INFO|Microsoft.AspNetCore.Routing.EndpointMiddleware|Executing endpoint 'gRPC - /Theater.Grpc.Login.Login/GetLoginById' 
2021-06-24 13:26:30.0202|1|INFO|Microsoft.AspNetCore.Routing.EndpointMiddleware|Executed endpoint 'gRPC - /Theater.Grpc.Login.Login/GetLoginById' 
2021-06-24 13:26:30.0202|2|INFO|Microsoft.AspNetCore.Hosting.Diagnostics|Request finished in 70.8212ms 200 application/grpc 
2021-06-24 13:27:10.9302|1|INFO|Microsoft.AspNetCore.Hosting.Diagnostics|Request starting HTTP/2 POST https://localhost:5001/Theater.Grpc.Login.Login/GetLoginById application/grpc  
2021-06-24 13:27:10.9302|0|INFO|Microsoft.AspNetCore.Routing.EndpointMiddleware|Executing endpoint 'gRPC - /Theater.Grpc.Login.Login/GetLoginById' 
2021-06-24 13:27:11.0971|1|INFO|Microsoft.AspNetCore.Routing.EndpointMiddleware|Executed endpoint 'gRPC - /Theater.Grpc.Login.Login/GetLoginById' 
2021-06-24 13:27:11.0971|2|INFO|Microsoft.AspNetCore.Hosting.Diagnostics|Request finished in 171.8129ms 200 application/grpc 
2021-06-24 13:28:40.5720||DEBUG|Theater.Grpc.Server.User.Program|Application Starting Up 
2021-06-24 13:28:50.9435||INFO|Microsoft.Hosting.Lifetime|Now listening on: https://localhost:5001 
2021-06-24 13:28:50.9588||INFO|Microsoft.Hosting.Lifetime|Application started. Press Ctrl+C to shut down. 
2021-06-24 13:28:50.9624||INFO|Microsoft.Hosting.Lifetime|Hosting environment: Development 
2021-06-24 13:28:50.9624||INFO|Microsoft.Hosting.Lifetime|Content root path: D:\code\Theater.Api\Theater.Grpc.Server.User 
2021-06-24 13:29:06.5938|1|INFO|Microsoft.AspNetCore.Hosting.Diagnostics|Request starting HTTP/2 POST https://localhost:5001/Theater.Grpc.Login.Login/GetLoginById application/grpc  
2021-06-24 13:29:06.6835|0|INFO|Microsoft.AspNetCore.Routing.EndpointMiddleware|Executing endpoint 'gRPC - /Theater.Grpc.Login.Login/GetLoginById' 
2021-06-24 13:29:09.2292|7|INFO|Grpc.AspNetCore.Server.ServerCallHandler|Error status code 'Cancelled' raised. Grpc.Core.RpcException: Status(StatusCode=Cancelled, Detail="No message returned from method.")
   at Grpc.AspNetCore.Server.Internal.CallHandlers.UnaryServerCallHandler`3.HandleCallAsyncCore(HttpContext httpContext, HttpContextServerCallContext serverCallContext)
   at Grpc.AspNetCore.Server.Internal.CallHandlers.ServerCallHandlerBase`3.<HandleCallAsync>g__AwaitHandleCall|8_0(HttpContextServerCallContext serverCallContext, Method`2 method, Task handleCall)
2021-06-24 13:29:09.2821|1|INFO|Microsoft.AspNetCore.Routing.EndpointMiddleware|Executed endpoint 'gRPC - /Theater.Grpc.Login.Login/GetLoginById' 
2021-06-24 13:29:09.2920|2|INFO|Microsoft.AspNetCore.Hosting.Diagnostics|Request finished in 2698.6709ms 200 application/grpc 
2021-06-24 13:29:23.5884|1|INFO|Microsoft.AspNetCore.Hosting.Diagnostics|Request starting HTTP/2 POST https://localhost:5001/Theater.Grpc.Login.Login/GetLoginById application/grpc  
2021-06-24 13:29:23.5884|0|INFO|Microsoft.AspNetCore.Routing.EndpointMiddleware|Executing endpoint 'gRPC - /Theater.Grpc.Login.Login/GetLoginById' 
2021-06-24 13:29:23.8752|1|INFO|Microsoft.AspNetCore.Routing.EndpointMiddleware|Executed endpoint 'gRPC - /Theater.Grpc.Login.Login/GetLoginById' 
2021-06-24 13:29:23.8752|2|INFO|Microsoft.AspNetCore.Hosting.Diagnostics|Request finished in 288.5468ms 200 application/grpc 
2021-06-24 13:29:24.2895|1|INFO|Microsoft.AspNetCore.Hosting.Diagnostics|Request starting HTTP/2 POST https://localhost:5001/Theater.Grpc.Login.Login/GetLoginById application/grpc  
2021-06-24 13:29:24.2914|0|INFO|Microsoft.AspNetCore.Routing.EndpointMiddleware|Executing endpoint 'gRPC - /Theater.Grpc.Login.Login/GetLoginById' 
2021-06-24 13:29:24.3282|1|INFO|Microsoft.AspNetCore.Routing.EndpointMiddleware|Executed endpoint 'gRPC - /Theater.Grpc.Login.Login/GetLoginById' 
2021-06-24 13:29:24.3282|2|INFO|Microsoft.AspNetCore.Hosting.Diagnostics|Request finished in 40.2881ms 200 application/grpc 
2021-06-24 13:29:39.6291|1|INFO|Microsoft.AspNetCore.Hosting.Diagnostics|Request starting HTTP/2 POST https://localhost:5001/Theater.Grpc.Login.Login/GetLoginById application/grpc  
2021-06-24 13:29:39.6472|0|INFO|Microsoft.AspNetCore.Routing.EndpointMiddleware|Executing endpoint 'gRPC - /Theater.Grpc.Login.Login/GetLoginById' 
2021-06-24 13:29:39.7304|1|INFO|Microsoft.AspNetCore.Routing.EndpointMiddleware|Executed endpoint 'gRPC - /Theater.Grpc.Login.Login/GetLoginById' 
2021-06-24 13:29:39.7304|2|INFO|Microsoft.AspNetCore.Hosting.Diagnostics|Request finished in 103.7814ms 200 application/grpc 
2021-06-24 13:29:47.8534|1|INFO|Microsoft.AspNetCore.Hosting.Diagnostics|Request starting HTTP/2 POST https://localhost:5001/Theater.Grpc.Login.Login/GetLoginById application/grpc  
2021-06-24 13:29:47.8896|0|INFO|Microsoft.AspNetCore.Routing.EndpointMiddleware|Executing endpoint 'gRPC - /Theater.Grpc.Login.Login/GetLoginById' 
2021-06-24 13:29:47.9344|1|INFO|Microsoft.AspNetCore.Routing.EndpointMiddleware|Executed endpoint 'gRPC - /Theater.Grpc.Login.Login/GetLoginById' 
2021-06-24 13:29:47.9344|2|INFO|Microsoft.AspNetCore.Hosting.Diagnostics|Request finished in 82.8044ms 200 application/grpc 
2021-06-24 13:29:56.3571|1|INFO|Microsoft.AspNetCore.Hosting.Diagnostics|Request starting HTTP/2 POST https://localhost:5001/Theater.Grpc.Login.Login/GetLoginById application/grpc  
2021-06-24 13:29:56.3571|0|INFO|Microsoft.AspNetCore.Routing.EndpointMiddleware|Executing endpoint 'gRPC - /Theater.Grpc.Login.Login/GetLoginById' 
2021-06-24 13:29:56.3989|7|INFO|Grpc.AspNetCore.Server.ServerCallHandler|Error status code 'Cancelled' raised. Grpc.Core.RpcException: Status(StatusCode=Cancelled, Detail="No message returned from method.")
   at Grpc.AspNetCore.Server.Internal.CallHandlers.UnaryServerCallHandler`3.HandleCallAsyncCore(HttpContext httpContext, HttpContextServerCallContext serverCallContext)
   at Grpc.AspNetCore.Server.Internal.CallHandlers.ServerCallHandlerBase`3.<HandleCallAsync>g__AwaitHandleCall|8_0(HttpContextServerCallContext serverCallContext, Method`2 method, Task handleCall)
2021-06-24 13:29:56.4006|1|INFO|Microsoft.AspNetCore.Routing.EndpointMiddleware|Executed endpoint 'gRPC - /Theater.Grpc.Login.Login/GetLoginById' 
2021-06-24 13:29:56.4006|2|INFO|Microsoft.AspNetCore.Hosting.Diagnostics|Request finished in 44.9618ms 200 application/grpc 
2021-06-24 13:30:31.0298|1|INFO|Microsoft.AspNetCore.Hosting.Diagnostics|Request starting HTTP/2 POST https://localhost:5001/Theater.Grpc.Login.Login/GetLoginById application/grpc  
2021-06-24 13:30:31.0298|0|INFO|Microsoft.AspNetCore.Routing.EndpointMiddleware|Executing endpoint 'gRPC - /Theater.Grpc.Login.Login/GetLoginById' 
2021-06-24 13:30:31.0599|1|INFO|Microsoft.AspNetCore.Routing.EndpointMiddleware|Executed endpoint 'gRPC - /Theater.Grpc.Login.Login/GetLoginById' 
2021-06-24 13:30:31.0599|2|INFO|Microsoft.AspNetCore.Hosting.Diagnostics|Request finished in 31.5424ms 200 application/grpc 
2021-06-24 13:30:31.1306|1|INFO|Microsoft.AspNetCore.Hosting.Diagnostics|Request starting HTTP/2 POST https://localhost:5001/Theater.Grpc.Login.Login/GetLoginById application/grpc  
2021-06-24 13:30:31.1306|0|INFO|Microsoft.AspNetCore.Routing.EndpointMiddleware|Executing endpoint 'gRPC - /Theater.Grpc.Login.Login/GetLoginById' 
2021-06-24 13:30:31.1710|1|INFO|Microsoft.AspNetCore.Routing.EndpointMiddleware|Executed endpoint 'gRPC - /Theater.Grpc.Login.Login/GetLoginById' 
2021-06-24 13:30:31.1710|2|INFO|Microsoft.AspNetCore.Hosting.Diagnostics|Request finished in 42.7671ms 200 application/grpc 
2021-06-24 13:33:22.9271||DEBUG|Theater.Grpc.Server.User.Program|Application Starting Up 
2021-06-24 13:33:32.3367||INFO|Microsoft.Hosting.Lifetime|Now listening on: https://localhost:5001 
2021-06-24 13:33:32.3548||INFO|Microsoft.Hosting.Lifetime|Application started. Press Ctrl+C to shut down. 
2021-06-24 13:33:32.3548||INFO|Microsoft.Hosting.Lifetime|Hosting environment: Development 
2021-06-24 13:33:32.3548||INFO|Microsoft.Hosting.Lifetime|Content root path: D:\code\Theater.Api\Theater.Grpc.Server.User 
2021-06-24 13:33:43.2520|1|INFO|Microsoft.AspNetCore.Hosting.Diagnostics|Request starting HTTP/2 POST https://localhost:5001/Theater.Grpc.Login.Login/GetLoginById application/grpc  
2021-06-24 13:33:43.3156|0|INFO|Microsoft.AspNetCore.Routing.EndpointMiddleware|Executing endpoint 'gRPC - /Theater.Grpc.Login.Login/GetLoginById' 
2021-06-24 13:33:45.5788|7|INFO|Grpc.AspNetCore.Server.ServerCallHandler|Error status code 'Cancelled' raised. Grpc.Core.RpcException: Status(StatusCode=Cancelled, Detail="No message returned from method.")
   at Grpc.AspNetCore.Server.Internal.CallHandlers.UnaryServerCallHandler`3.HandleCallAsyncCore(HttpContext httpContext, HttpContextServerCallContext serverCallContext)
   at Grpc.AspNetCore.Server.Internal.CallHandlers.ServerCallHandlerBase`3.<HandleCallAsync>g__AwaitHandleCall|8_0(HttpContextServerCallContext serverCallContext, Method`2 method, Task handleCall)
2021-06-24 13:33:45.6209|1|INFO|Microsoft.AspNetCore.Routing.EndpointMiddleware|Executed endpoint 'gRPC - /Theater.Grpc.Login.Login/GetLoginById' 
2021-06-24 13:33:45.6341|2|INFO|Microsoft.AspNetCore.Hosting.Diagnostics|Request finished in 2383.1078ms 200 application/grpc 
2021-06-24 13:34:05.3574|1|INFO|Microsoft.AspNetCore.Hosting.Diagnostics|Request starting HTTP/2 POST https://localhost:5001/Theater.Grpc.Login.Login/GetLoginById application/grpc  
2021-06-24 13:34:05.3574|0|INFO|Microsoft.AspNetCore.Routing.EndpointMiddleware|Executing endpoint 'gRPC - /Theater.Grpc.Login.Login/GetLoginById' 
2021-06-24 13:34:05.6982|1|INFO|Microsoft.AspNetCore.Routing.EndpointMiddleware|Executed endpoint 'gRPC - /Theater.Grpc.Login.Login/GetLoginById' 
2021-06-24 13:34:05.6982|2|INFO|Microsoft.AspNetCore.Hosting.Diagnostics|Request finished in 344.6076ms 200 application/grpc 
2021-06-24 13:34:06.2841|1|INFO|Microsoft.AspNetCore.Hosting.Diagnostics|Request starting HTTP/2 POST https://localhost:5001/Theater.Grpc.Login.Login/GetLoginById application/grpc  
2021-06-24 13:34:06.2841|0|INFO|Microsoft.AspNetCore.Routing.EndpointMiddleware|Executing endpoint 'gRPC - /Theater.Grpc.Login.Login/GetLoginById' 
2021-06-24 13:34:06.3532|1|INFO|Microsoft.AspNetCore.Routing.EndpointMiddleware|Executed endpoint 'gRPC - /Theater.Grpc.Login.Login/GetLoginById' 
2021-06-24 13:34:06.3532|2|INFO|Microsoft.AspNetCore.Hosting.Diagnostics|Request finished in 71.5059ms 200 application/grpc 
2021-06-24 13:34:35.8137|1|INFO|Microsoft.AspNetCore.Hosting.Diagnostics|Request starting HTTP/2 POST https://localhost:5001/Theater.Grpc.Login.Login/GetLoginById application/grpc  
2021-06-24 13:34:35.8227|0|INFO|Microsoft.AspNetCore.Routing.EndpointMiddleware|Executing endpoint 'gRPC - /Theater.Grpc.Login.Login/GetLoginById' 
2021-06-24 13:34:36.1107|1|INFO|Microsoft.AspNetCore.Routing.EndpointMiddleware|Executed endpoint 'gRPC - /Theater.Grpc.Login.Login/GetLoginById' 
2021-06-24 13:34:36.1463|2|INFO|Microsoft.AspNetCore.Hosting.Diagnostics|Request finished in 332.6446ms 200 application/grpc 
2021-06-24 13:34:45.2485|1|INFO|Microsoft.AspNetCore.Hosting.Diagnostics|Request starting HTTP/2 POST https://localhost:5001/Theater.Grpc.Login.Login/GetLoginById application/grpc  
2021-06-24 13:34:45.2485|0|INFO|Microsoft.AspNetCore.Routing.EndpointMiddleware|Executing endpoint 'gRPC - /Theater.Grpc.Login.Login/GetLoginById' 
2021-06-24 13:34:45.2952|7|INFO|Grpc.AspNetCore.Server.ServerCallHandler|Error status code 'Cancelled' raised. Grpc.Core.RpcException: Status(StatusCode=Cancelled, Detail="No message returned from method.")
   at Grpc.AspNetCore.Server.Internal.CallHandlers.UnaryServerCallHandler`3.HandleCallAsyncCore(HttpContext httpContext, HttpContextServerCallContext serverCallContext)
   at Grpc.AspNetCore.Server.Internal.CallHandlers.ServerCallHandlerBase`3.<HandleCallAsync>g__AwaitHandleCall|8_0(HttpContextServerCallContext serverCallContext, Method`2 method, Task handleCall)
2021-06-24 13:34:45.2952|1|INFO|Microsoft.AspNetCore.Routing.EndpointMiddleware|Executed endpoint 'gRPC - /Theater.Grpc.Login.Login/GetLoginById' 
2021-06-24 13:34:45.2952|2|INFO|Microsoft.AspNetCore.Hosting.Diagnostics|Request finished in 50.528ms 200 application/grpc 
2021-06-24 13:35:46.2070|1|INFO|Microsoft.AspNetCore.Hosting.Diagnostics|Request starting HTTP/2 POST https://localhost:5001/Theater.Grpc.Login.Login/GetLoginById application/grpc  
2021-06-24 13:35:46.2070|0|INFO|Microsoft.AspNetCore.Routing.EndpointMiddleware|Executing endpoint 'gRPC - /Theater.Grpc.Login.Login/GetLoginById' 
2021-06-24 13:35:46.3068|1|INFO|Microsoft.AspNetCore.Routing.EndpointMiddleware|Executed endpoint 'gRPC - /Theater.Grpc.Login.Login/GetLoginById' 
2021-06-24 13:35:46.3068|2|INFO|Microsoft.AspNetCore.Hosting.Diagnostics|Request finished in 101.4439ms 200 application/grpc 
2021-06-24 13:36:22.8633|1|INFO|Microsoft.AspNetCore.Hosting.Diagnostics|Request starting HTTP/2 POST https://localhost:5001/Theater.Grpc.Login.Login/GetLoginById application/grpc  
2021-06-24 13:36:22.8633|0|INFO|Microsoft.AspNetCore.Routing.EndpointMiddleware|Executing endpoint 'gRPC - /Theater.Grpc.Login.Login/GetLoginById' 
2021-06-24 13:36:22.9235|1|INFO|Microsoft.AspNetCore.Routing.EndpointMiddleware|Executed endpoint 'gRPC - /Theater.Grpc.Login.Login/GetLoginById' 
2021-06-24 13:36:22.9235|2|INFO|Microsoft.AspNetCore.Hosting.Diagnostics|Request finished in 63.7682ms 200 application/grpc 
2021-06-24 13:36:27.4245|1|INFO|Microsoft.AspNetCore.Hosting.Diagnostics|Request starting HTTP/2 POST https://localhost:5001/Theater.Grpc.Login.Login/GetLoginById application/grpc  
2021-06-24 13:36:27.4245|0|INFO|Microsoft.AspNetCore.Routing.EndpointMiddleware|Executing endpoint 'gRPC - /Theater.Grpc.Login.Login/GetLoginById' 
2021-06-24 13:36:27.4679|7|INFO|Grpc.AspNetCore.Server.ServerCallHandler|Error status code 'Cancelled' raised. Grpc.Core.RpcException: Status(StatusCode=Cancelled, Detail="No message returned from method.")
   at Grpc.AspNetCore.Server.Internal.CallHandlers.UnaryServerCallHandler`3.HandleCallAsyncCore(HttpContext httpContext, HttpContextServerCallContext serverCallContext)
   at Grpc.AspNetCore.Server.Internal.CallHandlers.ServerCallHandlerBase`3.<HandleCallAsync>g__AwaitHandleCall|8_0(HttpContextServerCallContext serverCallContext, Method`2 method, Task handleCall)
2021-06-24 13:36:27.4679|1|INFO|Microsoft.AspNetCore.Routing.EndpointMiddleware|Executed endpoint 'gRPC - /Theater.Grpc.Login.Login/GetLoginById' 
2021-06-24 13:36:27.4679|2|INFO|Microsoft.AspNetCore.Hosting.Diagnostics|Request finished in 46.7599ms 200 application/grpc 
2021-06-24 13:36:41.5077|1|INFO|Microsoft.AspNetCore.Hosting.Diagnostics|Request starting HTTP/2 POST https://localhost:5001/Theater.Grpc.Login.Login/GetLoginById application/grpc  
2021-06-24 13:36:41.5096|0|INFO|Microsoft.AspNetCore.Routing.EndpointMiddleware|Executing endpoint 'gRPC - /Theater.Grpc.Login.Login/GetLoginById' 
2021-06-24 13:36:41.5486|1|INFO|Microsoft.AspNetCore.Routing.EndpointMiddleware|Executed endpoint 'gRPC - /Theater.Grpc.Login.Login/GetLoginById' 
2021-06-24 13:36:41.5486|2|INFO|Microsoft.AspNetCore.Hosting.Diagnostics|Request finished in 43.3405ms 200 application/grpc 
2021-06-24 13:36:41.6285|1|INFO|Microsoft.AspNetCore.Hosting.Diagnostics|Request starting HTTP/2 POST https://localhost:5001/Theater.Grpc.Login.Login/GetLoginById application/grpc  
2021-06-24 13:36:41.6285|0|INFO|Microsoft.AspNetCore.Routing.EndpointMiddleware|Executing endpoint 'gRPC - /Theater.Grpc.Login.Login/GetLoginById' 
2021-06-24 13:36:41.6573|1|INFO|Microsoft.AspNetCore.Routing.EndpointMiddleware|Executed endpoint 'gRPC - /Theater.Grpc.Login.Login/GetLoginById' 
2021-06-24 13:36:41.6573|2|INFO|Microsoft.AspNetCore.Hosting.Diagnostics|Request finished in 30.5108ms 200 application/grpc 
2021-06-24 13:37:29.1966|1|INFO|Microsoft.AspNetCore.Hosting.Diagnostics|Request starting HTTP/2 POST https://localhost:5001/Theater.Grpc.Login.Login/GetLoginById application/grpc  
2021-06-24 13:37:29.1966|0|INFO|Microsoft.AspNetCore.Routing.EndpointMiddleware|Executing endpoint 'gRPC - /Theater.Grpc.Login.Login/GetLoginById' 
2021-06-24 13:37:29.2393|1|INFO|Microsoft.AspNetCore.Routing.EndpointMiddleware|Executed endpoint 'gRPC - /Theater.Grpc.Login.Login/GetLoginById' 
2021-06-24 13:37:29.2393|2|INFO|Microsoft.AspNetCore.Hosting.Diagnostics|Request finished in 44.4096ms 200 application/grpc 
2021-06-24 13:39:55.6411|1|INFO|Microsoft.AspNetCore.Hosting.Diagnostics|Request starting HTTP/2 POST https://localhost:5001/Theater.Grpc.Login.Login/GetLoginById application/grpc  
2021-06-24 13:39:55.6411|0|INFO|Microsoft.AspNetCore.Routing.EndpointMiddleware|Executing endpoint 'gRPC - /Theater.Grpc.Login.Login/GetLoginById' 
2021-06-24 13:39:55.6917|1|INFO|Microsoft.AspNetCore.Routing.EndpointMiddleware|Executed endpoint 'gRPC - /Theater.Grpc.Login.Login/GetLoginById' 
2021-06-24 13:39:55.6917|2|INFO|Microsoft.AspNetCore.Hosting.Diagnostics|Request finished in 52.9771ms 200 application/grpc 
2021-06-24 13:40:07.8420|1|INFO|Microsoft.AspNetCore.Hosting.Diagnostics|Request starting HTTP/2 POST https://localhost:5001/Theater.Grpc.Login.Login/GetLoginById application/grpc  
2021-06-24 13:40:07.8420|0|INFO|Microsoft.AspNetCore.Routing.EndpointMiddleware|Executing endpoint 'gRPC - /Theater.Grpc.Login.Login/GetLoginById' 
2021-06-24 13:40:07.9482|1|INFO|Microsoft.AspNetCore.Routing.EndpointMiddleware|Executed endpoint 'gRPC - /Theater.Grpc.Login.Login/GetLoginById' 
2021-06-24 13:40:07.9482|2|INFO|Microsoft.AspNetCore.Hosting.Diagnostics|Request finished in 112.6608ms 200 application/grpc 
2021-06-24 13:41:12.4421||DEBUG|Theater.Grpc.Server.User.Program|Application Starting Up 
2021-06-24 13:41:22.1133||INFO|Microsoft.Hosting.Lifetime|Now listening on: https://localhost:5001 
2021-06-24 13:41:22.1486||INFO|Microsoft.Hosting.Lifetime|Application started. Press Ctrl+C to shut down. 
2021-06-24 13:41:22.1501||INFO|Microsoft.Hosting.Lifetime|Hosting environment: Development 
2021-06-24 13:41:22.1501||INFO|Microsoft.Hosting.Lifetime|Content root path: D:\code\Theater.Api\Theater.Grpc.Server.User 
2021-06-24 13:41:25.9711|1|INFO|Microsoft.AspNetCore.Hosting.Diagnostics|Request starting HTTP/2 POST https://localhost:5001/Theater.Grpc.Login.Login/GetLoginById application/grpc  
2021-06-24 13:41:26.0508|0|INFO|Microsoft.AspNetCore.Routing.EndpointMiddleware|Executing endpoint 'gRPC - /Theater.Grpc.Login.Login/GetLoginById' 
2021-06-24 13:41:28.5550|7|INFO|Grpc.AspNetCore.Server.ServerCallHandler|Error status code 'Cancelled' raised. Grpc.Core.RpcException: Status(StatusCode=Cancelled, Detail="No message returned from method.")
   at Grpc.AspNetCore.Server.Internal.CallHandlers.UnaryServerCallHandler`3.HandleCallAsyncCore(HttpContext httpContext, HttpContextServerCallContext serverCallContext)
   at Grpc.AspNetCore.Server.Internal.CallHandlers.ServerCallHandlerBase`3.<HandleCallAsync>g__AwaitHandleCall|8_0(HttpContextServerCallContext serverCallContext, Method`2 method, Task handleCall)
2021-06-24 13:41:28.6185|1|INFO|Microsoft.AspNetCore.Routing.EndpointMiddleware|Executed endpoint 'gRPC - /Theater.Grpc.Login.Login/GetLoginById' 
2021-06-24 13:41:28.6185|2|INFO|Microsoft.AspNetCore.Hosting.Diagnostics|Request finished in 2658.0995ms 200 application/grpc 
2021-06-24 13:41:37.0303|1|INFO|Microsoft.AspNetCore.Hosting.Diagnostics|Request starting HTTP/2 POST https://localhost:5001/Theater.Grpc.Login.Login/GetLoginById application/grpc  
2021-06-24 13:41:37.0453|0|INFO|Microsoft.AspNetCore.Routing.EndpointMiddleware|Executing endpoint 'gRPC - /Theater.Grpc.Login.Login/GetLoginById' 
2021-06-24 13:41:37.3344|1|INFO|Microsoft.AspNetCore.Routing.EndpointMiddleware|Executed endpoint 'gRPC - /Theater.Grpc.Login.Login/GetLoginById' 
2021-06-24 13:41:37.3344|2|INFO|Microsoft.AspNetCore.Hosting.Diagnostics|Request finished in 305.9653ms 200 application/grpc 
2021-06-24 13:41:37.8127|1|INFO|Microsoft.AspNetCore.Hosting.Diagnostics|Request starting HTTP/2 POST https://localhost:5001/Theater.Grpc.Login.Login/GetLoginById application/grpc  
2021-06-24 13:41:37.8303|0|INFO|Microsoft.AspNetCore.Routing.EndpointMiddleware|Executing endpoint 'gRPC - /Theater.Grpc.Login.Login/GetLoginById' 
2021-06-24 13:41:37.8874|1|INFO|Microsoft.AspNetCore.Routing.EndpointMiddleware|Executed endpoint 'gRPC - /Theater.Grpc.Login.Login/GetLoginById' 
2021-06-24 13:41:37.8874|2|INFO|Microsoft.AspNetCore.Hosting.Diagnostics|Request finished in 77.0499ms 200 application/grpc 
2021-06-24 13:42:35.5146|1|INFO|Microsoft.AspNetCore.Hosting.Diagnostics|Request starting HTTP/2 POST https://localhost:5001/Theater.Grpc.Login.Login/GetLoginById application/grpc  
2021-06-24 13:42:35.5146|0|INFO|Microsoft.AspNetCore.Routing.EndpointMiddleware|Executing endpoint 'gRPC - /Theater.Grpc.Login.Login/GetLoginById' 
2021-06-24 13:42:35.5681|1|INFO|Microsoft.AspNetCore.Routing.EndpointMiddleware|Executed endpoint 'gRPC - /Theater.Grpc.Login.Login/GetLoginById' 
2021-06-24 13:42:35.5681|2|INFO|Microsoft.AspNetCore.Hosting.Diagnostics|Request finished in 55.995ms 200 application/grpc 
2021-06-24 13:42:37.2473|1|INFO|Microsoft.AspNetCore.Hosting.Diagnostics|Request starting HTTP/2 POST https://localhost:5001/Theater.Grpc.Login.Login/GetLoginById application/grpc  
2021-06-24 13:42:37.2473|0|INFO|Microsoft.AspNetCore.Routing.EndpointMiddleware|Executing endpoint 'gRPC - /Theater.Grpc.Login.Login/GetLoginById' 
2021-06-24 13:42:37.2958|7|INFO|Grpc.AspNetCore.Server.ServerCallHandler|Error status code 'Cancelled' raised. Grpc.Core.RpcException: Status(StatusCode=Cancelled, Detail="No message returned from method.")
   at Grpc.AspNetCore.Server.Internal.CallHandlers.UnaryServerCallHandler`3.HandleCallAsyncCore(HttpContext httpContext, HttpContextServerCallContext serverCallContext)
   at Grpc.AspNetCore.Server.Internal.CallHandlers.ServerCallHandlerBase`3.<HandleCallAsync>g__AwaitHandleCall|8_0(HttpContextServerCallContext serverCallContext, Method`2 method, Task handleCall)
2021-06-24 13:42:37.2958|1|INFO|Microsoft.AspNetCore.Routing.EndpointMiddleware|Executed endpoint 'gRPC - /Theater.Grpc.Login.Login/GetLoginById' 
2021-06-24 13:42:37.2958|2|INFO|Microsoft.AspNetCore.Hosting.Diagnostics|Request finished in 51.5723ms 200 application/grpc 
2021-06-24 13:42:51.8900|1|INFO|Microsoft.AspNetCore.Hosting.Diagnostics|Request starting HTTP/2 POST https://localhost:5001/Theater.Grpc.Login.Login/GetLoginById application/grpc  
2021-06-24 13:42:51.8900|0|INFO|Microsoft.AspNetCore.Routing.EndpointMiddleware|Executing endpoint 'gRPC - /Theater.Grpc.Login.Login/GetLoginById' 
2021-06-24 13:42:51.9491|1|INFO|Microsoft.AspNetCore.Routing.EndpointMiddleware|Executed endpoint 'gRPC - /Theater.Grpc.Login.Login/GetLoginById' 
2021-06-24 13:42:51.9491|2|INFO|Microsoft.AspNetCore.Hosting.Diagnostics|Request finished in 61.4441ms 200 application/grpc 
2021-06-24 13:42:52.0345|1|INFO|Microsoft.AspNetCore.Hosting.Diagnostics|Request starting HTTP/2 POST https://localhost:5001/Theater.Grpc.Login.Login/GetLoginById application/grpc  
2021-06-24 13:42:52.0345|0|INFO|Microsoft.AspNetCore.Routing.EndpointMiddleware|Executing endpoint 'gRPC - /Theater.Grpc.Login.Login/GetLoginById' 
2021-06-24 13:42:52.0732|1|INFO|Microsoft.AspNetCore.Routing.EndpointMiddleware|Executed endpoint 'gRPC - /Theater.Grpc.Login.Login/GetLoginById' 
2021-06-24 13:42:52.0732|2|INFO|Microsoft.AspNetCore.Hosting.Diagnostics|Request finished in 40.7678ms 200 application/grpc 
2021-06-24 13:43:47.0470|1|INFO|Microsoft.AspNetCore.Hosting.Diagnostics|Request starting HTTP/2 POST https://localhost:5001/Theater.Grpc.Login.Login/GetLoginById application/grpc  
2021-06-24 13:43:47.1046|0|INFO|Microsoft.AspNetCore.Routing.EndpointMiddleware|Executing endpoint 'gRPC - /Theater.Grpc.Login.Login/GetLoginById' 
2021-06-24 13:43:47.2525|1|INFO|Microsoft.AspNetCore.Routing.EndpointMiddleware|Executed endpoint 'gRPC - /Theater.Grpc.Login.Login/GetLoginById' 
2021-06-24 13:43:47.2525|2|INFO|Microsoft.AspNetCore.Hosting.Diagnostics|Request finished in 207.3456ms 200 application/grpc 
2021-06-24 13:48:50.4440||DEBUG|Theater.Grpc.Server.User.Program|Application Starting Up 
2021-06-24 13:48:58.2248||INFO|Microsoft.Hosting.Lifetime|Now listening on: https://localhost:5001 
2021-06-24 13:48:58.2410||INFO|Microsoft.Hosting.Lifetime|Application started. Press Ctrl+C to shut down. 
2021-06-24 13:48:58.2410||INFO|Microsoft.Hosting.Lifetime|Hosting environment: Development 
2021-06-24 13:48:58.2438||INFO|Microsoft.Hosting.Lifetime|Content root path: D:\code\Theater.Api\Theater.Grpc.Server.User 
2021-06-24 14:36:12.9129||DEBUG|Theater.Grpc.Server.User.Program|Application Starting Up 
2021-06-24 14:36:20.5543||INFO|Microsoft.Hosting.Lifetime|Now listening on: https://localhost:5001 
2021-06-24 14:36:20.5713||INFO|Microsoft.Hosting.Lifetime|Application started. Press Ctrl+C to shut down. 
2021-06-24 14:36:20.5713||INFO|Microsoft.Hosting.Lifetime|Hosting environment: Development 
2021-06-24 14:36:20.5713||INFO|Microsoft.Hosting.Lifetime|Content root path: D:\code\Theater.Api\Theater.Grpc.Server.User 
2021-06-24 14:37:52.2291|1|INFO|Microsoft.AspNetCore.Hosting.Diagnostics|Request starting HTTP/2 POST https://localhost:5001/Theater.Grpc.Login.Login/GetLoginById application/grpc  
2021-06-24 14:37:52.3036|0|INFO|Microsoft.AspNetCore.Routing.EndpointMiddleware|Executing endpoint 'gRPC - /Theater.Grpc.Login.Login/GetLoginById' 
2021-06-24 14:37:55.1308|1|INFO|Microsoft.AspNetCore.Routing.EndpointMiddleware|Executed endpoint 'gRPC - /Theater.Grpc.Login.Login/GetLoginById' 
2021-06-24 14:37:55.1384|2|INFO|Microsoft.AspNetCore.Hosting.Diagnostics|Request finished in 2910.3349ms 200 application/grpc 
2021-06-24 14:38:04.4484|1|INFO|Microsoft.AspNetCore.Hosting.Diagnostics|Request starting HTTP/2 POST https://localhost:5001/Theater.Grpc.Login.Login/GetLoginById application/grpc  
2021-06-24 14:38:04.4484|0|INFO|Microsoft.AspNetCore.Routing.EndpointMiddleware|Executing endpoint 'gRPC - /Theater.Grpc.Login.Login/GetLoginById' 
2021-06-24 14:38:04.6141|1|INFO|Microsoft.AspNetCore.Routing.EndpointMiddleware|Executed endpoint 'gRPC - /Theater.Grpc.Login.Login/GetLoginById' 
2021-06-24 14:38:04.6141|2|INFO|Microsoft.AspNetCore.Hosting.Diagnostics|Request finished in 168.6247ms 200 application/grpc 
2021-06-24 14:42:07.5391||DEBUG|Theater.Grpc.Server.User.Program|Application Starting Up 
2021-06-24 14:42:21.8043||INFO|Microsoft.Hosting.Lifetime|Now listening on: https://localhost:5001 
2021-06-24 14:42:21.8220||INFO|Microsoft.Hosting.Lifetime|Application started. Press Ctrl+C to shut down. 
2021-06-24 14:42:21.8220||INFO|Microsoft.Hosting.Lifetime|Hosting environment: Development 
2021-06-24 14:42:21.8220||INFO|Microsoft.Hosting.Lifetime|Content root path: D:\code\Theater.Api\Theater.Grpc.Server.User 
2021-06-24 14:42:34.4653|1|INFO|Microsoft.AspNetCore.Hosting.Diagnostics|Request starting HTTP/2 POST https://localhost:5001/Theater.Grpc.Login.Login/GetLoginById application/grpc  
2021-06-24 14:42:34.5187|0|INFO|Microsoft.AspNetCore.Routing.EndpointMiddleware|Executing endpoint 'gRPC - /Theater.Grpc.Login.Login/GetLoginById' 
2021-06-24 14:42:37.1409|1|INFO|Microsoft.AspNetCore.Routing.EndpointMiddleware|Executed endpoint 'gRPC - /Theater.Grpc.Login.Login/GetLoginById' 
2021-06-24 14:42:37.1499|2|INFO|Microsoft.AspNetCore.Hosting.Diagnostics|Request finished in 2683.0069ms 200 application/grpc 
2021-06-24 14:55:44.9858||DEBUG|Theater.Grpc.Server.User.Program|Application Starting Up 
2021-06-24 14:56:01.3926||INFO|Microsoft.Hosting.Lifetime|Now listening on: https://localhost:5001 
2021-06-24 14:56:01.4129||INFO|Microsoft.Hosting.Lifetime|Application started. Press Ctrl+C to shut down. 
2021-06-24 14:56:01.4129||INFO|Microsoft.Hosting.Lifetime|Hosting environment: Development 
2021-06-24 14:56:01.4165||INFO|Microsoft.Hosting.Lifetime|Content root path: D:\code\Theater.Api\Theater.Grpc.Server.User 
2021-06-24 14:59:15.5928||DEBUG|Theater.Grpc.Server.User.Program|Application Starting Up 
2021-06-24 14:59:21.0792||INFO|Microsoft.Hosting.Lifetime|Now listening on: https://localhost:5001 
2021-06-24 14:59:21.0968||INFO|Microsoft.Hosting.Lifetime|Application started. Press Ctrl+C to shut down. 
2021-06-24 14:59:21.0968||INFO|Microsoft.Hosting.Lifetime|Hosting environment: Development 
2021-06-24 14:59:21.0968||INFO|Microsoft.Hosting.Lifetime|Content root path: D:\code\Theater.Api\Theater.Grpc.Server.User 
2021-06-24 14:59:40.5339|1|INFO|Microsoft.AspNetCore.Hosting.Diagnostics|Request starting HTTP/2 POST https://localhost:5001/Theater.Grpc.Login.Login/GetLoginById application/grpc  
2021-06-24 14:59:40.5900|0|INFO|Microsoft.AspNetCore.Routing.EndpointMiddleware|Executing endpoint 'gRPC - /Theater.Grpc.Login.Login/GetLoginById' 
2021-06-24 14:59:43.3612|1|INFO|Microsoft.AspNetCore.Routing.EndpointMiddleware|Executed endpoint 'gRPC - /Theater.Grpc.Login.Login/GetLoginById' 
2021-06-24 14:59:43.3688|2|INFO|Microsoft.AspNetCore.Hosting.Diagnostics|Request finished in 2835.9977ms 200 application/grpc 
2021-06-24 15:05:24.0815||DEBUG|Theater.Grpc.Server.User.Program|Application Starting Up 
2021-06-24 15:05:38.0960||INFO|Microsoft.Hosting.Lifetime|Now listening on: https://localhost:5001 
2021-06-24 15:05:38.1146||INFO|Microsoft.Hosting.Lifetime|Application started. Press Ctrl+C to shut down. 
2021-06-24 15:05:38.1146||INFO|Microsoft.Hosting.Lifetime|Hosting environment: Development 
2021-06-24 15:05:38.1193||INFO|Microsoft.Hosting.Lifetime|Content root path: D:\code\Theater.Api\Theater.Grpc.Server.User 
2021-06-24 15:05:53.5796|1|INFO|Microsoft.AspNetCore.Hosting.Diagnostics|Request starting HTTP/2 POST https://localhost:5001/Theater.Grpc.Login.Login/GetLoginById application/grpc  
2021-06-24 15:05:53.6459|0|INFO|Microsoft.AspNetCore.Routing.EndpointMiddleware|Executing endpoint 'gRPC - /Theater.Grpc.Login.Login/GetLoginById' 
2021-06-24 15:05:56.4773|1|INFO|Microsoft.AspNetCore.Routing.EndpointMiddleware|Executed endpoint 'gRPC - /Theater.Grpc.Login.Login/GetLoginById' 
2021-06-24 15:05:56.4878|2|INFO|Microsoft.AspNetCore.Hosting.Diagnostics|Request finished in 2909.5139ms 200 application/grpc 
2021-06-24 15:06:14.8855|1|INFO|Microsoft.AspNetCore.Hosting.Diagnostics|Request starting HTTP/2 POST https://localhost:5001/Theater.Grpc.Login.Login/GetLoginById application/grpc  
2021-06-24 15:06:14.8855|0|INFO|Microsoft.AspNetCore.Routing.EndpointMiddleware|Executing endpoint 'gRPC - /Theater.Grpc.Login.Login/GetLoginById' 
2021-06-24 15:06:15.0138|7|INFO|Grpc.AspNetCore.Server.ServerCallHandler|Error status code 'Cancelled' raised. Grpc.Core.RpcException: Status(StatusCode=Cancelled, Detail="No message returned from method.")
   at Grpc.AspNetCore.Server.Internal.CallHandlers.UnaryServerCallHandler`3.HandleCallAsyncCore(HttpContext httpContext, HttpContextServerCallContext serverCallContext)
   at Grpc.AspNetCore.Server.Internal.CallHandlers.ServerCallHandlerBase`3.<HandleCallAsync>g__AwaitHandleCall|8_0(HttpContextServerCallContext serverCallContext, Method`2 method, Task handleCall)
2021-06-24 15:06:15.0995|1|INFO|Microsoft.AspNetCore.Routing.EndpointMiddleware|Executed endpoint 'gRPC - /Theater.Grpc.Login.Login/GetLoginById' 
2021-06-24 15:06:15.0995|2|INFO|Microsoft.AspNetCore.Hosting.Diagnostics|Request finished in 215.9023ms 200 application/grpc 
2021-06-24 15:06:35.7144|1|INFO|Microsoft.AspNetCore.Hosting.Diagnostics|Request starting HTTP/2 POST https://localhost:5001/Theater.Grpc.Login.Login/GetLoginById application/grpc  
2021-06-24 15:06:35.7144|0|INFO|Microsoft.AspNetCore.Routing.EndpointMiddleware|Executing endpoint 'gRPC - /Theater.Grpc.Login.Login/GetLoginById' 
2021-06-24 15:06:35.7965|1|INFO|Microsoft.AspNetCore.Routing.EndpointMiddleware|Executed endpoint 'gRPC - /Theater.Grpc.Login.Login/GetLoginById' 
2021-06-24 15:06:35.7965|2|INFO|Microsoft.AspNetCore.Hosting.Diagnostics|Request finished in 92.8136ms 200 application/grpc 
2021-06-24 15:07:45.1742|1|INFO|Microsoft.AspNetCore.Hosting.Diagnostics|Request starting HTTP/2 POST https://localhost:5001/Theater.Grpc.Login.Login/GetLoginById application/grpc  
2021-06-24 15:07:45.1742|0|INFO|Microsoft.AspNetCore.Routing.EndpointMiddleware|Executing endpoint 'gRPC - /Theater.Grpc.Login.Login/GetLoginById' 
2021-06-24 15:07:45.2172|1|INFO|Microsoft.AspNetCore.Routing.EndpointMiddleware|Executed endpoint 'gRPC - /Theater.Grpc.Login.Login/GetLoginById' 
2021-06-24 15:07:45.2172|2|INFO|Microsoft.AspNetCore.Hosting.Diagnostics|Request finished in 44.8611ms 200 application/grpc 
2021-06-24 15:08:56.8189|1|INFO|Microsoft.AspNetCore.Hosting.Diagnostics|Request starting HTTP/2 POST https://localhost:5001/Theater.Grpc.Login.Login/GetLoginById application/grpc  
2021-06-24 15:08:56.8364|0|INFO|Microsoft.AspNetCore.Routing.EndpointMiddleware|Executing endpoint 'gRPC - /Theater.Grpc.Login.Login/GetLoginById' 
2021-06-24 15:08:56.8925|1|INFO|Microsoft.AspNetCore.Routing.EndpointMiddleware|Executed endpoint 'gRPC - /Theater.Grpc.Login.Login/GetLoginById' 
2021-06-24 15:08:56.8925|2|INFO|Microsoft.AspNetCore.Hosting.Diagnostics|Request finished in 75.0532ms 200 application/grpc 
2021-06-24 15:09:43.3135||DEBUG|Theater.Grpc.Server.User.Program|Application Starting Up 
2021-06-24 15:09:52.2475||INFO|Microsoft.Hosting.Lifetime|Now listening on: https://localhost:5001 
2021-06-24 15:09:52.2651||INFO|Microsoft.Hosting.Lifetime|Application started. Press Ctrl+C to shut down. 
2021-06-24 15:09:52.2651||INFO|Microsoft.Hosting.Lifetime|Hosting environment: Development 
2021-06-24 15:09:52.2651||INFO|Microsoft.Hosting.Lifetime|Content root path: D:\code\Theater.Api\Theater.Grpc.Server.User 
2021-06-24 15:10:20.6835|1|INFO|Microsoft.AspNetCore.Hosting.Diagnostics|Request starting HTTP/2 POST https://localhost:5001/Theater.Grpc.Login.Login/GetLoginById application/grpc  
2021-06-24 15:10:20.7367|0|INFO|Microsoft.AspNetCore.Routing.EndpointMiddleware|Executing endpoint 'gRPC - /Theater.Grpc.Login.Login/GetLoginById' 
2021-06-24 15:10:22.9621|1|INFO|Microsoft.AspNetCore.Routing.EndpointMiddleware|Executed endpoint 'gRPC - /Theater.Grpc.Login.Login/GetLoginById' 
2021-06-24 15:10:22.9621|2|INFO|Microsoft.AspNetCore.Hosting.Diagnostics|Request finished in 2286.499ms 200 application/grpc 
2021-06-24 15:10:53.3982|1|INFO|Microsoft.AspNetCore.Hosting.Diagnostics|Request starting HTTP/2 POST https://localhost:5001/Theater.Grpc.Login.Login/GetLoginById application/grpc  
2021-06-24 15:10:53.4016|0|INFO|Microsoft.AspNetCore.Routing.EndpointMiddleware|Executing endpoint 'gRPC - /Theater.Grpc.Login.Login/GetLoginById' 
2021-06-24 15:10:53.5513|1|INFO|Microsoft.AspNetCore.Routing.EndpointMiddleware|Executed endpoint 'gRPC - /Theater.Grpc.Login.Login/GetLoginById' 
2021-06-24 15:10:53.5513|2|INFO|Microsoft.AspNetCore.Hosting.Diagnostics|Request finished in 154.7296ms 200 application/grpc 
2021-06-24 15:10:59.7063|1|INFO|Microsoft.AspNetCore.Hosting.Diagnostics|Request starting HTTP/2 POST https://localhost:5001/Theater.Grpc.Login.Login/GetLoginById application/grpc  
2021-06-24 15:10:59.7063|0|INFO|Microsoft.AspNetCore.Routing.EndpointMiddleware|Executing endpoint 'gRPC - /Theater.Grpc.Login.Login/GetLoginById' 
2021-06-24 15:10:59.7685|7|INFO|Grpc.AspNetCore.Server.ServerCallHandler|Error status code 'Cancelled' raised. Grpc.Core.RpcException: Status(StatusCode=Cancelled, Detail="No message returned from method.")
   at Grpc.AspNetCore.Server.Internal.CallHandlers.UnaryServerCallHandler`3.HandleCallAsyncCore(HttpContext httpContext, HttpContextServerCallContext serverCallContext)
   at Grpc.AspNetCore.Server.Internal.CallHandlers.ServerCallHandlerBase`3.<HandleCallAsync>g__AwaitHandleCall|8_0(HttpContextServerCallContext serverCallContext, Method`2 method, Task handleCall)
2021-06-24 15:10:59.8411|1|INFO|Microsoft.AspNetCore.Routing.EndpointMiddleware|Executed endpoint 'gRPC - /Theater.Grpc.Login.Login/GetLoginById' 
2021-06-24 15:10:59.8411|2|INFO|Microsoft.AspNetCore.Hosting.Diagnostics|Request finished in 137.5174ms 200 application/grpc 
2021-06-24 15:11:30.7330|1|INFO|Microsoft.AspNetCore.Hosting.Diagnostics|Request starting HTTP/2 POST https://localhost:5001/Theater.Grpc.Login.Login/GetLoginById application/grpc  
2021-06-24 15:11:30.7330|0|INFO|Microsoft.AspNetCore.Routing.EndpointMiddleware|Executing endpoint 'gRPC - /Theater.Grpc.Login.Login/GetLoginById' 
2021-06-24 15:11:30.7722|1|INFO|Microsoft.AspNetCore.Routing.EndpointMiddleware|Executed endpoint 'gRPC - /Theater.Grpc.Login.Login/GetLoginById' 
2021-06-24 15:11:30.7747|2|INFO|Microsoft.AspNetCore.Hosting.Diagnostics|Request finished in 41.7791ms 200 application/grpc 
2021-06-24 15:11:30.8919|1|INFO|Microsoft.AspNetCore.Hosting.Diagnostics|Request starting HTTP/2 POST https://localhost:5001/Theater.Grpc.Login.Login/GetLoginById application/grpc  
2021-06-24 15:11:30.8919|0|INFO|Microsoft.AspNetCore.Routing.EndpointMiddleware|Executing endpoint 'gRPC - /Theater.Grpc.Login.Login/GetLoginById' 
2021-06-24 15:11:31.0140|1|INFO|Microsoft.AspNetCore.Routing.EndpointMiddleware|Executed endpoint 'gRPC - /Theater.Grpc.Login.Login/GetLoginById' 
2021-06-24 15:11:31.0140|2|INFO|Microsoft.AspNetCore.Hosting.Diagnostics|Request finished in 123.3159ms 200 application/grpc 
2021-06-24 15:11:45.1860|1|INFO|Microsoft.AspNetCore.Hosting.Diagnostics|Request starting HTTP/2 POST https://localhost:5001/Theater.Grpc.Login.Login/GetLoginById application/grpc  
2021-06-24 15:11:45.1860|0|INFO|Microsoft.AspNetCore.Routing.EndpointMiddleware|Executing endpoint 'gRPC - /Theater.Grpc.Login.Login/GetLoginById' 
2021-06-24 15:11:45.4683|1|INFO|Microsoft.AspNetCore.Routing.EndpointMiddleware|Executed endpoint 'gRPC - /Theater.Grpc.Login.Login/GetLoginById' 
2021-06-24 15:11:45.4683|2|INFO|Microsoft.AspNetCore.Hosting.Diagnostics|Request finished in 287.5628ms 200 application/grpc 
2021-06-24 15:11:49.5605|1|INFO|Microsoft.AspNetCore.Hosting.Diagnostics|Request starting HTTP/2 POST https://localhost:5001/Theater.Grpc.Login.Login/GetLoginById application/grpc  
2021-06-24 15:11:49.5605|0|INFO|Microsoft.AspNetCore.Routing.EndpointMiddleware|Executing endpoint 'gRPC - /Theater.Grpc.Login.Login/GetLoginById' 
2021-06-24 15:11:49.5954|7|INFO|Grpc.AspNetCore.Server.ServerCallHandler|Error status code 'Cancelled' raised. Grpc.Core.RpcException: Status(StatusCode=Cancelled, Detail="No message returned from method.")
   at Grpc.AspNetCore.Server.Internal.CallHandlers.UnaryServerCallHandler`3.HandleCallAsyncCore(HttpContext httpContext, HttpContextServerCallContext serverCallContext)
   at Grpc.AspNetCore.Server.Internal.CallHandlers.ServerCallHandlerBase`3.<HandleCallAsync>g__AwaitHandleCall|8_0(HttpContextServerCallContext serverCallContext, Method`2 method, Task handleCall)
2021-06-24 15:11:49.5954|1|INFO|Microsoft.AspNetCore.Routing.EndpointMiddleware|Executed endpoint 'gRPC - /Theater.Grpc.Login.Login/GetLoginById' 
2021-06-24 15:11:49.5954|2|INFO|Microsoft.AspNetCore.Hosting.Diagnostics|Request finished in 37.9935ms 200 application/grpc 
2021-06-24 15:12:02.0971|1|INFO|Microsoft.AspNetCore.Hosting.Diagnostics|Request starting HTTP/2 POST https://localhost:5001/Theater.Grpc.Login.Login/GetLoginById application/grpc  
2021-06-24 15:12:02.0971|0|INFO|Microsoft.AspNetCore.Routing.EndpointMiddleware|Executing endpoint 'gRPC - /Theater.Grpc.Login.Login/GetLoginById' 
2021-06-24 15:12:02.1706|1|INFO|Microsoft.AspNetCore.Routing.EndpointMiddleware|Executed endpoint 'gRPC - /Theater.Grpc.Login.Login/GetLoginById' 
2021-06-24 15:12:02.1706|2|INFO|Microsoft.AspNetCore.Hosting.Diagnostics|Request finished in 75.6569ms 200 application/grpc 
2021-06-24 15:12:02.2503|1|INFO|Microsoft.AspNetCore.Hosting.Diagnostics|Request starting HTTP/2 POST https://localhost:5001/Theater.Grpc.Login.Login/GetLoginById application/grpc  
2021-06-24 15:12:02.2503|0|INFO|Microsoft.AspNetCore.Routing.EndpointMiddleware|Executing endpoint 'gRPC - /Theater.Grpc.Login.Login/GetLoginById' 
2021-06-24 15:12:02.2863|1|INFO|Microsoft.AspNetCore.Routing.EndpointMiddleware|Executed endpoint 'gRPC - /Theater.Grpc.Login.Login/GetLoginById' 
2021-06-24 15:12:02.2863|2|INFO|Microsoft.AspNetCore.Hosting.Diagnostics|Request finished in 37.2212ms 200 application/grpc 
2021-06-24 15:20:47.5873||DEBUG|Theater.Grpc.Server.User.Program|Application Starting Up 
2021-06-24 15:20:57.7674||INFO|Microsoft.Hosting.Lifetime|Now listening on: https://localhost:5001 
2021-06-24 15:20:57.7858||INFO|Microsoft.Hosting.Lifetime|Application started. Press Ctrl+C to shut down. 
2021-06-24 15:20:57.7858||INFO|Microsoft.Hosting.Lifetime|Hosting environment: Development 
2021-06-24 15:20:57.7903||INFO|Microsoft.Hosting.Lifetime|Content root path: D:\code\Theater.Api\Theater.Grpc.Server.User 
2021-06-24 15:21:08.7648|1|INFO|Microsoft.AspNetCore.Hosting.Diagnostics|Request starting HTTP/2 POST https://localhost:5001/Theater.Grpc.Login.Login/GetLoginById application/grpc  
2021-06-24 15:21:08.8220|0|INFO|Microsoft.AspNetCore.Routing.EndpointMiddleware|Executing endpoint 'gRPC - /Theater.Grpc.Login.Login/GetLoginById' 
2021-06-24 15:21:11.4230|7|INFO|Grpc.AspNetCore.Server.ServerCallHandler|Error status code 'Cancelled' raised. Grpc.Core.RpcException: Status(StatusCode=Cancelled, Detail="No message returned from method.")
   at Grpc.AspNetCore.Server.Internal.CallHandlers.UnaryServerCallHandler`3.HandleCallAsyncCore(HttpContext httpContext, HttpContextServerCallContext serverCallContext)
   at Grpc.AspNetCore.Server.Internal.CallHandlers.ServerCallHandlerBase`3.<HandleCallAsync>g__AwaitHandleCall|8_0(HttpContextServerCallContext serverCallContext, Method`2 method, Task handleCall)
2021-06-24 15:21:11.4961|1|INFO|Microsoft.AspNetCore.Routing.EndpointMiddleware|Executed endpoint 'gRPC - /Theater.Grpc.Login.Login/GetLoginById' 
2021-06-24 15:21:11.4961|2|INFO|Microsoft.AspNetCore.Hosting.Diagnostics|Request finished in 2742.4409ms 200 application/grpc 
2021-06-24 15:21:29.6815|1|INFO|Microsoft.AspNetCore.Hosting.Diagnostics|Request starting HTTP/2 POST https://localhost:5001/Theater.Grpc.Login.Login/GetLoginById application/grpc  
2021-06-24 15:21:29.6815|0|INFO|Microsoft.AspNetCore.Routing.EndpointMiddleware|Executing endpoint 'gRPC - /Theater.Grpc.Login.Login/GetLoginById' 
2021-06-24 15:21:30.0514|1|INFO|Microsoft.AspNetCore.Routing.EndpointMiddleware|Executed endpoint 'gRPC - /Theater.Grpc.Login.Login/GetLoginById' 
2021-06-24 15:21:30.0514|2|INFO|Microsoft.AspNetCore.Hosting.Diagnostics|Request finished in 371.8923ms 200 application/grpc 
2021-06-24 15:21:30.2257|1|INFO|Microsoft.AspNetCore.Hosting.Diagnostics|Request starting HTTP/2 POST https://localhost:5001/Theater.Grpc.Login.Login/GetLoginById application/grpc  
2021-06-24 15:21:30.2257|0|INFO|Microsoft.AspNetCore.Routing.EndpointMiddleware|Executing endpoint 'gRPC - /Theater.Grpc.Login.Login/GetLoginById' 
2021-06-24 15:21:30.2646|1|INFO|Microsoft.AspNetCore.Routing.EndpointMiddleware|Executed endpoint 'gRPC - /Theater.Grpc.Login.Login/GetLoginById' 
2021-06-24 15:21:30.2646|2|INFO|Microsoft.AspNetCore.Hosting.Diagnostics|Request finished in 40.1344ms 200 application/grpc 
2021-06-24 15:22:19.6699||DEBUG|Theater.Grpc.Server.User.Program|Application Starting Up 
2021-06-24 15:22:31.2674||INFO|Microsoft.Hosting.Lifetime|Now listening on: https://localhost:5001 
2021-06-24 15:22:31.2902||INFO|Microsoft.Hosting.Lifetime|Application started. Press Ctrl+C to shut down. 
2021-06-24 15:22:31.2902||INFO|Microsoft.Hosting.Lifetime|Hosting environment: Development 
2021-06-24 15:22:31.2902||INFO|Microsoft.Hosting.Lifetime|Content root path: D:\code\Theater.Api\Theater.Grpc.Server.User 
2021-06-24 15:22:35.8912|1|INFO|Microsoft.AspNetCore.Hosting.Diagnostics|Request starting HTTP/2 POST https://localhost:5001/Theater.Grpc.Login.Login/GetLoginById application/grpc  
2021-06-24 15:22:35.9913|0|INFO|Microsoft.AspNetCore.Routing.EndpointMiddleware|Executing endpoint 'gRPC - /Theater.Grpc.Login.Login/GetLoginById' 
2021-06-24 15:22:38.4308|7|INFO|Grpc.AspNetCore.Server.ServerCallHandler|Error status code 'Cancelled' raised. Grpc.Core.RpcException: Status(StatusCode=Cancelled, Detail="No message returned from method.")
   at Grpc.AspNetCore.Server.Internal.CallHandlers.UnaryServerCallHandler`3.HandleCallAsyncCore(HttpContext httpContext, HttpContextServerCallContext serverCallContext)
   at Grpc.AspNetCore.Server.Internal.CallHandlers.ServerCallHandlerBase`3.<HandleCallAsync>g__AwaitHandleCall|8_0(HttpContextServerCallContext serverCallContext, Method`2 method, Task handleCall)
2021-06-24 15:22:38.4674|1|INFO|Microsoft.AspNetCore.Routing.EndpointMiddleware|Executed endpoint 'gRPC - /Theater.Grpc.Login.Login/GetLoginById' 
2021-06-24 15:22:38.4674|2|INFO|Microsoft.AspNetCore.Hosting.Diagnostics|Request finished in 2587.3742ms 200 application/grpc 
2021-06-24 15:22:52.3690|1|INFO|Microsoft.AspNetCore.Hosting.Diagnostics|Request starting HTTP/2 POST https://localhost:5001/Theater.Grpc.Login.Login/GetLoginById application/grpc  
2021-06-24 15:22:52.3690|0|INFO|Microsoft.AspNetCore.Routing.EndpointMiddleware|Executing endpoint 'gRPC - /Theater.Grpc.Login.Login/GetLoginById' 
2021-06-24 15:22:52.6608|1|INFO|Microsoft.AspNetCore.Routing.EndpointMiddleware|Executed endpoint 'gRPC - /Theater.Grpc.Login.Login/GetLoginById' 
2021-06-24 15:22:52.6608|2|INFO|Microsoft.AspNetCore.Hosting.Diagnostics|Request finished in 294.0946ms 200 application/grpc 
2021-06-24 15:22:53.1402|1|INFO|Microsoft.AspNetCore.Hosting.Diagnostics|Request starting HTTP/2 POST https://localhost:5001/Theater.Grpc.Login.Login/GetLoginById application/grpc  
2021-06-24 15:22:53.1402|0|INFO|Microsoft.AspNetCore.Routing.EndpointMiddleware|Executing endpoint 'gRPC - /Theater.Grpc.Login.Login/GetLoginById' 
2021-06-24 15:22:53.1898|1|INFO|Microsoft.AspNetCore.Routing.EndpointMiddleware|Executed endpoint 'gRPC - /Theater.Grpc.Login.Login/GetLoginById' 
2021-06-24 15:22:53.1898|2|INFO|Microsoft.AspNetCore.Hosting.Diagnostics|Request finished in 51.2371ms 200 application/grpc 
2021-06-24 15:25:10.2905||DEBUG|Theater.Grpc.Server.User.Program|Application Starting Up 
2021-06-24 15:25:20.7185||INFO|Microsoft.Hosting.Lifetime|Now listening on: https://localhost:5001 
2021-06-24 15:25:20.7375||INFO|Microsoft.Hosting.Lifetime|Application started. Press Ctrl+C to shut down. 
2021-06-24 15:25:20.7375||INFO|Microsoft.Hosting.Lifetime|Hosting environment: Development 
2021-06-24 15:25:20.7375||INFO|Microsoft.Hosting.Lifetime|Content root path: D:\code\Theater.Api\Theater.Grpc.Server.User 
2021-06-24 15:25:27.0966|1|INFO|Microsoft.AspNetCore.Hosting.Diagnostics|Request starting HTTP/2 POST https://localhost:5001/Theater.Grpc.Login.Login/GetLoginById application/grpc  
2021-06-24 15:25:27.1732|0|INFO|Microsoft.AspNetCore.Routing.EndpointMiddleware|Executing endpoint 'gRPC - /Theater.Grpc.Login.Login/GetLoginById' 
2021-06-24 15:25:29.4864|7|INFO|Grpc.AspNetCore.Server.ServerCallHandler|Error status code 'Cancelled' raised. Grpc.Core.RpcException: Status(StatusCode=Cancelled, Detail="No message returned from method.")
   at Grpc.AspNetCore.Server.Internal.CallHandlers.UnaryServerCallHandler`3.HandleCallAsyncCore(HttpContext httpContext, HttpContextServerCallContext serverCallContext)
   at Grpc.AspNetCore.Server.Internal.CallHandlers.ServerCallHandlerBase`3.<HandleCallAsync>g__AwaitHandleCall|8_0(HttpContextServerCallContext serverCallContext, Method`2 method, Task handleCall)
2021-06-24 15:25:29.5197|1|INFO|Microsoft.AspNetCore.Routing.EndpointMiddleware|Executed endpoint 'gRPC - /Theater.Grpc.Login.Login/GetLoginById' 
2021-06-24 15:25:29.5292|2|INFO|Microsoft.AspNetCore.Hosting.Diagnostics|Request finished in 2434.6786ms 200 application/grpc 
2021-06-24 15:25:47.4347|1|INFO|Microsoft.AspNetCore.Hosting.Diagnostics|Request starting HTTP/2 POST https://localhost:5001/Theater.Grpc.Login.Login/GetLoginById application/grpc  
2021-06-24 15:25:47.4347|0|INFO|Microsoft.AspNetCore.Routing.EndpointMiddleware|Executing endpoint 'gRPC - /Theater.Grpc.Login.Login/GetLoginById' 
2021-06-24 15:25:47.7076|1|INFO|Microsoft.AspNetCore.Routing.EndpointMiddleware|Executed endpoint 'gRPC - /Theater.Grpc.Login.Login/GetLoginById' 
2021-06-24 15:25:47.7141|2|INFO|Microsoft.AspNetCore.Hosting.Diagnostics|Request finished in 279.4277ms 200 application/grpc 
2021-06-24 15:25:48.0507|1|INFO|Microsoft.AspNetCore.Hosting.Diagnostics|Request starting HTTP/2 POST https://localhost:5001/Theater.Grpc.Login.Login/GetLoginById application/grpc  
2021-06-24 15:25:48.0507|0|INFO|Microsoft.AspNetCore.Routing.EndpointMiddleware|Executing endpoint 'gRPC - /Theater.Grpc.Login.Login/GetLoginById' 
2021-06-24 15:25:48.0976|1|INFO|Microsoft.AspNetCore.Routing.EndpointMiddleware|Executed endpoint 'gRPC - /Theater.Grpc.Login.Login/GetLoginById' 
2021-06-24 15:25:48.0976|2|INFO|Microsoft.AspNetCore.Hosting.Diagnostics|Request finished in 49.8919ms 200 application/grpc 
2021-06-24 15:26:05.3750|1|INFO|Microsoft.AspNetCore.Hosting.Diagnostics|Request starting HTTP/2 POST https://localhost:5001/Theater.Grpc.Login.Login/GetLoginById application/grpc  
2021-06-24 15:26:05.4005|0|INFO|Microsoft.AspNetCore.Routing.EndpointMiddleware|Executing endpoint 'gRPC - /Theater.Grpc.Login.Login/GetLoginById' 
2021-06-24 15:26:05.4380|1|INFO|Microsoft.AspNetCore.Routing.EndpointMiddleware|Executed endpoint 'gRPC - /Theater.Grpc.Login.Login/GetLoginById' 
2021-06-24 15:26:05.4380|2|INFO|Microsoft.AspNetCore.Hosting.Diagnostics|Request finished in 64.5886ms 200 application/grpc 
2021-06-24 15:26:07.2025|1|INFO|Microsoft.AspNetCore.Hosting.Diagnostics|Request starting HTTP/2 POST https://localhost:5001/Theater.Grpc.Login.Login/GetLoginById application/grpc  
2021-06-24 15:26:07.2025|0|INFO|Microsoft.AspNetCore.Routing.EndpointMiddleware|Executing endpoint 'gRPC - /Theater.Grpc.Login.Login/GetLoginById' 
2021-06-24 15:26:07.2407|7|INFO|Grpc.AspNetCore.Server.ServerCallHandler|Error status code 'Cancelled' raised. Grpc.Core.RpcException: Status(StatusCode=Cancelled, Detail="No message returned from method.")
   at Grpc.AspNetCore.Server.Internal.CallHandlers.UnaryServerCallHandler`3.HandleCallAsyncCore(HttpContext httpContext, HttpContextServerCallContext serverCallContext)
   at Grpc.AspNetCore.Server.Internal.CallHandlers.ServerCallHandlerBase`3.<HandleCallAsync>g__AwaitHandleCall|8_0(HttpContextServerCallContext serverCallContext, Method`2 method, Task handleCall)
2021-06-24 15:26:07.2407|1|INFO|Microsoft.AspNetCore.Routing.EndpointMiddleware|Executed endpoint 'gRPC - /Theater.Grpc.Login.Login/GetLoginById' 
2021-06-24 15:26:07.2437|2|INFO|Microsoft.AspNetCore.Hosting.Diagnostics|Request finished in 41.1855ms 200 application/grpc 
2021-06-24 15:26:22.4848|1|INFO|Microsoft.AspNetCore.Hosting.Diagnostics|Request starting HTTP/2 POST https://localhost:5001/Theater.Grpc.Login.Login/GetLoginById application/grpc  
2021-06-24 15:26:22.4848|0|INFO|Microsoft.AspNetCore.Routing.EndpointMiddleware|Executing endpoint 'gRPC - /Theater.Grpc.Login.Login/GetLoginById' 
2021-06-24 15:26:22.5547|1|INFO|Microsoft.AspNetCore.Routing.EndpointMiddleware|Executed endpoint 'gRPC - /Theater.Grpc.Login.Login/GetLoginById' 
2021-06-24 15:26:22.5567|2|INFO|Microsoft.AspNetCore.Hosting.Diagnostics|Request finished in 71.9464ms 200 application/grpc 
2021-06-24 15:26:22.6318|1|INFO|Microsoft.AspNetCore.Hosting.Diagnostics|Request starting HTTP/2 POST https://localhost:5001/Theater.Grpc.Login.Login/GetLoginById application/grpc  
2021-06-24 15:26:22.6318|0|INFO|Microsoft.AspNetCore.Routing.EndpointMiddleware|Executing endpoint 'gRPC - /Theater.Grpc.Login.Login/GetLoginById' 
2021-06-24 15:26:22.6756|1|INFO|Microsoft.AspNetCore.Routing.EndpointMiddleware|Executed endpoint 'gRPC - /Theater.Grpc.Login.Login/GetLoginById' 
2021-06-24 15:26:22.6756|2|INFO|Microsoft.AspNetCore.Hosting.Diagnostics|Request finished in 46.5312ms 200 application/grpc 
2021-06-24 15:26:37.2362|1|INFO|Microsoft.AspNetCore.Hosting.Diagnostics|Request starting HTTP/2 POST https://localhost:5001/Theater.Grpc.Login.Login/GetLoginById application/grpc  
2021-06-24 15:26:37.2362|0|INFO|Microsoft.AspNetCore.Routing.EndpointMiddleware|Executing endpoint 'gRPC - /Theater.Grpc.Login.Login/GetLoginById' 
2021-06-24 15:26:37.2809|1|INFO|Microsoft.AspNetCore.Routing.EndpointMiddleware|Executed endpoint 'gRPC - /Theater.Grpc.Login.Login/GetLoginById' 
2021-06-24 15:26:37.2809|2|INFO|Microsoft.AspNetCore.Hosting.Diagnostics|Request finished in 46.2927ms 200 application/grpc 
2021-06-24 15:26:43.1414|1|INFO|Microsoft.AspNetCore.Hosting.Diagnostics|Request starting HTTP/2 POST https://localhost:5001/Theater.Grpc.Login.Login/GetLoginById application/grpc  
2021-06-24 15:26:43.1414|0|INFO|Microsoft.AspNetCore.Routing.EndpointMiddleware|Executing endpoint 'gRPC - /Theater.Grpc.Login.Login/GetLoginById' 
2021-06-24 15:26:43.1898|1|INFO|Microsoft.AspNetCore.Routing.EndpointMiddleware|Executed endpoint 'gRPC - /Theater.Grpc.Login.Login/GetLoginById' 
2021-06-24 15:26:43.1898|2|INFO|Microsoft.AspNetCore.Hosting.Diagnostics|Request finished in 50.3335ms 200 application/grpc 
2021-06-24 15:26:55.5786|1|INFO|Microsoft.AspNetCore.Hosting.Diagnostics|Request starting HTTP/2 POST https://localhost:5001/Theater.Grpc.Login.Login/GetLoginById application/grpc  
2021-06-24 15:26:55.5786|0|INFO|Microsoft.AspNetCore.Routing.EndpointMiddleware|Executing endpoint 'gRPC - /Theater.Grpc.Login.Login/GetLoginById' 
2021-06-24 15:26:55.6391|1|INFO|Microsoft.AspNetCore.Routing.EndpointMiddleware|Executed endpoint 'gRPC - /Theater.Grpc.Login.Login/GetLoginById' 
2021-06-24 15:26:55.6391|2|INFO|Microsoft.AspNetCore.Hosting.Diagnostics|Request finished in 62.6033ms 200 application/grpc 
2021-06-24 15:27:09.1468|1|INFO|Microsoft.AspNetCore.Hosting.Diagnostics|Request starting HTTP/2 POST https://localhost:5001/Theater.Grpc.Login.Login/GetLoginById application/grpc  
2021-06-24 15:27:09.1552|0|INFO|Microsoft.AspNetCore.Routing.EndpointMiddleware|Executing endpoint 'gRPC - /Theater.Grpc.Login.Login/GetLoginById' 
2021-06-24 15:27:09.1903|1|INFO|Microsoft.AspNetCore.Routing.EndpointMiddleware|Executed endpoint 'gRPC - /Theater.Grpc.Login.Login/GetLoginById' 
2021-06-24 15:27:09.1903|2|INFO|Microsoft.AspNetCore.Hosting.Diagnostics|Request finished in 45.175ms 200 application/grpc 
2021-06-24 15:27:20.0391|1|INFO|Microsoft.AspNetCore.Hosting.Diagnostics|Request starting HTTP/2 POST https://localhost:5001/Theater.Grpc.Login.Login/GetLoginById application/grpc  
2021-06-24 15:27:20.0454|0|INFO|Microsoft.AspNetCore.Routing.EndpointMiddleware|Executing endpoint 'gRPC - /Theater.Grpc.Login.Login/GetLoginById' 
2021-06-24 15:27:20.1224|1|INFO|Microsoft.AspNetCore.Routing.EndpointMiddleware|Executed endpoint 'gRPC - /Theater.Grpc.Login.Login/GetLoginById' 
2021-06-24 15:27:20.1224|2|INFO|Microsoft.AspNetCore.Hosting.Diagnostics|Request finished in 84.7565ms 200 application/grpc 
2021-06-24 15:28:10.3166|1|INFO|Microsoft.AspNetCore.Hosting.Diagnostics|Request starting HTTP/2 POST https://localhost:5001/Theater.Grpc.Login.Login/GetLoginById application/grpc  
2021-06-24 15:28:10.3450|0|INFO|Microsoft.AspNetCore.Routing.EndpointMiddleware|Executing endpoint 'gRPC - /Theater.Grpc.Login.Login/GetLoginById' 
2021-06-24 15:28:10.4552|1|INFO|Microsoft.AspNetCore.Routing.EndpointMiddleware|Executed endpoint 'gRPC - /Theater.Grpc.Login.Login/GetLoginById' 
2021-06-24 15:28:10.4552|2|INFO|Microsoft.AspNetCore.Hosting.Diagnostics|Request finished in 140.1645ms 200 application/grpc 
2021-06-24 15:28:31.3114||DEBUG|Theater.Grpc.Server.User.Program|Application Starting Up 
2021-06-24 15:28:43.2613||INFO|Microsoft.Hosting.Lifetime|Now listening on: https://localhost:5001 
2021-06-24 15:28:43.2814||INFO|Microsoft.Hosting.Lifetime|Application started. Press Ctrl+C to shut down. 
2021-06-24 15:28:43.2814||INFO|Microsoft.Hosting.Lifetime|Hosting environment: Development 
2021-06-24 15:28:43.2814||INFO|Microsoft.Hosting.Lifetime|Content root path: D:\code\Theater.Api\Theater.Grpc.Server.User 
2021-06-24 15:29:07.8622|1|INFO|Microsoft.AspNetCore.Hosting.Diagnostics|Request starting HTTP/2 POST https://localhost:5001/Theater.Grpc.Login.Login/GetLoginById application/grpc  
2021-06-24 15:29:07.9493|0|INFO|Microsoft.AspNetCore.Routing.EndpointMiddleware|Executing endpoint 'gRPC - /Theater.Grpc.Login.Login/GetLoginById' 
2021-06-24 15:29:10.8767|1|INFO|Microsoft.AspNetCore.Routing.EndpointMiddleware|Executed endpoint 'gRPC - /Theater.Grpc.Login.Login/GetLoginById' 
2021-06-24 15:29:10.8841|2|INFO|Microsoft.AspNetCore.Hosting.Diagnostics|Request finished in 3023.0877ms 200 application/grpc 
2021-06-24 15:29:15.2620|1|INFO|Microsoft.AspNetCore.Hosting.Diagnostics|Request starting HTTP/2 POST https://localhost:5001/Theater.Grpc.Login.Login/GetLoginById application/grpc  
2021-06-24 15:29:15.2620|0|INFO|Microsoft.AspNetCore.Routing.EndpointMiddleware|Executing endpoint 'gRPC - /Theater.Grpc.Login.Login/GetLoginById' 
2021-06-24 15:29:15.3735|1|INFO|Microsoft.AspNetCore.Routing.EndpointMiddleware|Executed endpoint 'gRPC - /Theater.Grpc.Login.Login/GetLoginById' 
2021-06-24 15:29:15.3735|2|INFO|Microsoft.AspNetCore.Hosting.Diagnostics|Request finished in 113.3531ms 200 application/grpc 
2021-06-24 15:29:16.5437|1|INFO|Microsoft.AspNetCore.Hosting.Diagnostics|Request starting HTTP/2 POST https://localhost:5001/Theater.Grpc.Login.Login/GetLoginById application/grpc  
2021-06-24 15:29:16.5437|0|INFO|Microsoft.AspNetCore.Routing.EndpointMiddleware|Executing endpoint 'gRPC - /Theater.Grpc.Login.Login/GetLoginById' 
2021-06-24 15:29:16.6013|7|INFO|Grpc.AspNetCore.Server.ServerCallHandler|Error status code 'Cancelled' raised. Grpc.Core.RpcException: Status(StatusCode=Cancelled, Detail="No message returned from method.")
   at Grpc.AspNetCore.Server.Internal.CallHandlers.UnaryServerCallHandler`3.HandleCallAsyncCore(HttpContext httpContext, HttpContextServerCallContext serverCallContext)
   at Grpc.AspNetCore.Server.Internal.CallHandlers.ServerCallHandlerBase`3.<HandleCallAsync>g__AwaitHandleCall|8_0(HttpContextServerCallContext serverCallContext, Method`2 method, Task handleCall)
2021-06-24 15:29:16.7494|1|INFO|Microsoft.AspNetCore.Routing.EndpointMiddleware|Executed endpoint 'gRPC - /Theater.Grpc.Login.Login/GetLoginById' 
2021-06-24 15:29:16.7494|2|INFO|Microsoft.AspNetCore.Hosting.Diagnostics|Request finished in 208.1029ms 200 application/grpc 
2021-06-24 15:29:33.5062|1|INFO|Microsoft.AspNetCore.Hosting.Diagnostics|Request starting HTTP/2 POST https://localhost:5001/Theater.Grpc.Login.Login/GetLoginById application/grpc  
2021-06-24 15:29:33.5062|0|INFO|Microsoft.AspNetCore.Routing.EndpointMiddleware|Executing endpoint 'gRPC - /Theater.Grpc.Login.Login/GetLoginById' 
2021-06-24 15:29:33.5427|1|INFO|Microsoft.AspNetCore.Routing.EndpointMiddleware|Executed endpoint 'gRPC - /Theater.Grpc.Login.Login/GetLoginById' 
2021-06-24 15:29:33.5427|2|INFO|Microsoft.AspNetCore.Hosting.Diagnostics|Request finished in 38.2659ms 200 application/grpc 
2021-06-24 15:29:41.2246|1|INFO|Microsoft.AspNetCore.Hosting.Diagnostics|Request starting HTTP/2 POST https://localhost:5001/Theater.Grpc.Login.Login/GetLoginById application/grpc  
2021-06-24 15:29:41.2246|0|INFO|Microsoft.AspNetCore.Routing.EndpointMiddleware|Executing endpoint 'gRPC - /Theater.Grpc.Login.Login/GetLoginById' 
2021-06-24 15:29:41.2993|7|INFO|Grpc.AspNetCore.Server.ServerCallHandler|Error status code 'Cancelled' raised. Grpc.Core.RpcException: Status(StatusCode=Cancelled, Detail="No message returned from method.")
   at Grpc.AspNetCore.Server.Internal.CallHandlers.UnaryServerCallHandler`3.HandleCallAsyncCore(HttpContext httpContext, HttpContextServerCallContext serverCallContext)
   at Grpc.AspNetCore.Server.Internal.CallHandlers.ServerCallHandlerBase`3.<HandleCallAsync>g__AwaitHandleCall|8_0(HttpContextServerCallContext serverCallContext, Method`2 method, Task handleCall)
2021-06-24 15:29:41.2993|1|INFO|Microsoft.AspNetCore.Routing.EndpointMiddleware|Executed endpoint 'gRPC - /Theater.Grpc.Login.Login/GetLoginById' 
2021-06-24 15:29:41.2993|2|INFO|Microsoft.AspNetCore.Hosting.Diagnostics|Request finished in 78.0956ms 200 application/grpc 
2021-06-24 15:30:04.9907|1|INFO|Microsoft.AspNetCore.Hosting.Diagnostics|Request starting HTTP/2 POST https://localhost:5001/Theater.Grpc.Login.Login/GetLoginById application/grpc  
2021-06-24 15:30:04.9907|0|INFO|Microsoft.AspNetCore.Routing.EndpointMiddleware|Executing endpoint 'gRPC - /Theater.Grpc.Login.Login/GetLoginById' 
2021-06-24 15:30:05.0706|1|INFO|Microsoft.AspNetCore.Routing.EndpointMiddleware|Executed endpoint 'gRPC - /Theater.Grpc.Login.Login/GetLoginById' 
2021-06-24 15:30:05.0731|2|INFO|Microsoft.AspNetCore.Hosting.Diagnostics|Request finished in 82.3212ms 200 application/grpc 
2021-06-24 15:46:24.6568||DEBUG|Theater.Grpc.Server.User.Program|Application Starting Up 
2021-06-24 15:46:35.2960||INFO|Microsoft.Hosting.Lifetime|Now listening on: https://localhost:5001 
2021-06-24 15:46:35.3125||INFO|Microsoft.Hosting.Lifetime|Application started. Press Ctrl+C to shut down. 
2021-06-24 15:46:35.3125||INFO|Microsoft.Hosting.Lifetime|Hosting environment: Development 
2021-06-24 15:46:35.3125||INFO|Microsoft.Hosting.Lifetime|Content root path: D:\code\Theater.Api\Theater.Grpc.Server.User 
2021-06-24 15:46:55.9392|1|INFO|Microsoft.AspNetCore.Hosting.Diagnostics|Request starting HTTP/2 POST https://localhost:5001/Theater.Grpc.Login.Login/GetLoginById application/grpc  
2021-06-24 15:46:56.0009|0|INFO|Microsoft.AspNetCore.Routing.EndpointMiddleware|Executing endpoint 'gRPC - /Theater.Grpc.Login.Login/GetLoginById' 
2021-06-24 15:46:58.4364|1|INFO|Microsoft.AspNetCore.Routing.EndpointMiddleware|Executed endpoint 'gRPC - /Theater.Grpc.Login.Login/GetLoginById' 
2021-06-24 15:46:58.4364|2|INFO|Microsoft.AspNetCore.Hosting.Diagnostics|Request finished in 2506.0398ms 200 application/grpc 
2021-06-24 15:47:10.8419|1|INFO|Microsoft.AspNetCore.Hosting.Diagnostics|Request starting HTTP/2 POST https://localhost:5001/Theater.Grpc.Login.Login/GetLoginById application/grpc  
2021-06-24 15:47:10.8419|0|INFO|Microsoft.AspNetCore.Routing.EndpointMiddleware|Executing endpoint 'gRPC - /Theater.Grpc.Login.Login/GetLoginById' 
2021-06-24 15:47:10.9513|7|INFO|Grpc.AspNetCore.Server.ServerCallHandler|Error status code 'Cancelled' raised. Grpc.Core.RpcException: Status(StatusCode=Cancelled, Detail="No message returned from method.")
   at Grpc.AspNetCore.Server.Internal.CallHandlers.UnaryServerCallHandler`3.HandleCallAsyncCore(HttpContext httpContext, HttpContextServerCallContext serverCallContext)
   at Grpc.AspNetCore.Server.Internal.CallHandlers.ServerCallHandlerBase`3.<HandleCallAsync>g__AwaitHandleCall|8_0(HttpContextServerCallContext serverCallContext, Method`2 method, Task handleCall)
2021-06-24 15:47:11.1231|1|INFO|Microsoft.AspNetCore.Routing.EndpointMiddleware|Executed endpoint 'gRPC - /Theater.Grpc.Login.Login/GetLoginById' 
2021-06-24 15:47:11.1231|2|INFO|Microsoft.AspNetCore.Hosting.Diagnostics|Request finished in 282.6821ms 200 application/grpc 
