2021-06-21 10:05:30.8097||DEBUG|Theater.Grpc.Server.User.Program|Application Starting Up 
2021-06-21 10:05:32.8348||INFO|Microsoft.Hosting.Lifetime|Now listening on: https://localhost:5001 
2021-06-21 10:05:32.8348||INFO|Microsoft.Hosting.Lifetime|Application started. Press Ctrl+C to shut down. 
2021-06-21 10:05:32.8348||INFO|Microsoft.Hosting.Lifetime|Hosting environment: Development 
2021-06-21 10:05:32.8348||INFO|Microsoft.Hosting.Lifetime|Content root path: D:\code\Theater.Api\Theater.Grpc.Server.User 
2021-06-21 10:06:57.9403|1|INFO|Microsoft.AspNetCore.Hosting.Diagnostics|Request starting HTTP/2 POST https://localhost:5001/Theater.Grpc.User.User/GetAllUsers application/grpc  
2021-06-21 10:06:57.9842|0|INFO|Microsoft.AspNetCore.Routing.EndpointMiddleware|Executing endpoint 'gRPC - /Theater.Grpc.User.User/GetAllUsers' 
2021-06-21 10:07:01.9878|1|INFO|Microsoft.AspNetCore.Routing.EndpointMiddleware|Executed endpoint 'gRPC - /Theater.Grpc.User.User/GetAllUsers' 
2021-06-21 10:07:01.9928|2|INFO|Microsoft.AspNetCore.Hosting.Diagnostics|Request finished in 4054.2742ms 200 application/grpc 
2021-06-21 10:11:15.1111||DEBUG|Theater.Grpc.Server.User.Program|Application Starting Up 
2021-06-21 10:11:15.5140||INFO|Microsoft.Hosting.Lifetime|Now listening on: https://localhost:5001 
2021-06-21 10:11:15.5245||INFO|Microsoft.Hosting.Lifetime|Application started. Press Ctrl+C to shut down. 
2021-06-21 10:11:15.5245||INFO|Microsoft.Hosting.Lifetime|Hosting environment: Development 
2021-06-21 10:11:15.5245||INFO|Microsoft.Hosting.Lifetime|Content root path: D:\code\Theater.Api\Theater.Grpc.Server.User 
2021-06-21 10:11:45.2427|1|INFO|Microsoft.AspNetCore.Hosting.Diagnostics|Request starting HTTP/2 POST https://localhost:5001/Theater.Grpc.User.User/GetAllUsers application/grpc  
2021-06-21 10:11:45.2979|0|INFO|Microsoft.AspNetCore.Routing.EndpointMiddleware|Executing endpoint 'gRPC - /Theater.Grpc.User.User/GetAllUsers' 
2021-06-21 10:11:49.4520|1|INFO|Microsoft.AspNetCore.Routing.EndpointMiddleware|Executed endpoint 'gRPC - /Theater.Grpc.User.User/GetAllUsers' 
2021-06-21 10:11:49.4567|2|INFO|Microsoft.AspNetCore.Hosting.Diagnostics|Request finished in 4217.7933ms 200 application/grpc 
2021-06-21 10:17:14.1579||DEBUG|Theater.Grpc.Server.User.Program|Application Starting Up 
2021-06-21 10:17:14.5165||INFO|Microsoft.Hosting.Lifetime|Now listening on: https://localhost:5001 
2021-06-21 10:17:14.5263||INFO|Microsoft.Hosting.Lifetime|Application started. Press Ctrl+C to shut down. 
2021-06-21 10:17:14.5263||INFO|Microsoft.Hosting.Lifetime|Hosting environment: Development 
2021-06-21 10:17:14.5263||INFO|Microsoft.Hosting.Lifetime|Content root path: D:\code\Theater.Api\Theater.Grpc.Server.User 
2021-06-21 10:17:49.2612|1|INFO|Microsoft.AspNetCore.Hosting.Diagnostics|Request starting HTTP/2 POST https://localhost:5001/Theater.Grpc.User.User/GetAllUsers application/grpc  
2021-06-21 10:17:49.3165|0|INFO|Microsoft.AspNetCore.Routing.EndpointMiddleware|Executing endpoint 'gRPC - /Theater.Grpc.User.User/GetAllUsers' 
2021-06-21 10:17:53.4558|1|INFO|Microsoft.AspNetCore.Routing.EndpointMiddleware|Executed endpoint 'gRPC - /Theater.Grpc.User.User/GetAllUsers' 
2021-06-21 10:17:53.4558|2|INFO|Microsoft.AspNetCore.Hosting.Diagnostics|Request finished in 4202.9026ms 200 application/grpc 
2021-06-21 12:11:13.6922||DEBUG|Theater.Grpc.Server.User.Program|Application Starting Up 
2021-06-21 12:11:14.3476||INFO|Microsoft.Hosting.Lifetime|Now listening on: https://localhost:5001 
2021-06-21 12:11:14.3677||INFO|Microsoft.Hosting.Lifetime|Application started. Press Ctrl+C to shut down. 
2021-06-21 12:11:14.3677||INFO|Microsoft.Hosting.Lifetime|Hosting environment: Development 
2021-06-21 12:11:14.3677||INFO|Microsoft.Hosting.Lifetime|Content root path: D:\code\Theater.Api\Theater.Grpc.Server.User 
2021-06-21 12:22:47.5783||DEBUG|Theater.Grpc.Server.User.Program|Application Starting Up 
2021-06-21 12:22:48.4280||FATAL|Microsoft.AspNetCore.Server.Kestrel|Unable to start Kestrel. System.IO.IOException: Failed to bind to address https://127.0.0.1:5001: address already in use.
 ---> Microsoft.AspNetCore.Connections.AddressInUseException: Only one usage of each socket address (protocol/network address/port) is normally permitted.
 ---> System.Net.Sockets.SocketException (10048): Only one usage of each socket address (protocol/network address/port) is normally permitted.
   at System.Net.Sockets.Socket.UpdateStatusAfterSocketErrorAndThrowException(SocketError error, String callerName)
   at System.Net.Sockets.Socket.DoBind(EndPoint endPointSnapshot, SocketAddress socketAddress)
   at System.Net.Sockets.Socket.Bind(EndPoint localEP)
   at Microsoft.AspNetCore.Server.Kestrel.Transport.Sockets.SocketConnectionListener.Bind()
   --- End of inner exception stack trace ---
   at Microsoft.AspNetCore.Server.Kestrel.Transport.Sockets.SocketConnectionListener.Bind()
   at Microsoft.AspNetCore.Server.Kestrel.Transport.Sockets.SocketTransportFactory.BindAsync(EndPoint endpoint, CancellationToken cancellationToken)
   at Microsoft.AspNetCore.Server.Kestrel.Core.KestrelServer.<>c__DisplayClass21_0`1.<<StartAsync>g__OnBind|0>d.MoveNext()
--- End of stack trace from previous location where exception was thrown ---
   at Microsoft.AspNetCore.Server.Kestrel.Core.Internal.AddressBinder.BindEndpointAsync(ListenOptions endpoint, AddressBindContext context)
   --- End of inner exception stack trace ---
   at Microsoft.AspNetCore.Server.Kestrel.Core.Internal.AddressBinder.BindEndpointAsync(ListenOptions endpoint, AddressBindContext context)
   at Microsoft.AspNetCore.Server.Kestrel.Core.LocalhostListenOptions.BindAsync(AddressBindContext context)
   at Microsoft.AspNetCore.Server.Kestrel.Core.Internal.AddressBinder.AddressesStrategy.BindAsync(AddressBindContext context)
   at Microsoft.AspNetCore.Server.Kestrel.Core.Internal.AddressBinder.BindAsync(IServerAddressesFeature addresses, KestrelServerOptions serverOptions, ILogger logger, Func`2 createBinding)
   at Microsoft.AspNetCore.Server.Kestrel.Core.KestrelServer.StartAsync[TContext](IHttpApplication`1 application, CancellationToken cancellationToken)
2021-06-21 12:22:48.6720||ERROR|Theater.Grpc.Server.User.Program|Stopped program because of exception System.IO.IOException: Failed to bind to address https://127.0.0.1:5001: address already in use.
 ---> Microsoft.AspNetCore.Connections.AddressInUseException: Only one usage of each socket address (protocol/network address/port) is normally permitted.
 ---> System.Net.Sockets.SocketException (10048): Only one usage of each socket address (protocol/network address/port) is normally permitted.
   at System.Net.Sockets.Socket.UpdateStatusAfterSocketErrorAndThrowException(SocketError error, String callerName)
   at System.Net.Sockets.Socket.DoBind(EndPoint endPointSnapshot, SocketAddress socketAddress)
   at System.Net.Sockets.Socket.Bind(EndPoint localEP)
   at Microsoft.AspNetCore.Server.Kestrel.Transport.Sockets.SocketConnectionListener.Bind()
   --- End of inner exception stack trace ---
   at Microsoft.AspNetCore.Server.Kestrel.Transport.Sockets.SocketConnectionListener.Bind()
   at Microsoft.AspNetCore.Server.Kestrel.Transport.Sockets.SocketTransportFactory.BindAsync(EndPoint endpoint, CancellationToken cancellationToken)
   at Microsoft.AspNetCore.Server.Kestrel.Core.KestrelServer.<>c__DisplayClass21_0`1.<<StartAsync>g__OnBind|0>d.MoveNext()
--- End of stack trace from previous location where exception was thrown ---
   at Microsoft.AspNetCore.Server.Kestrel.Core.Internal.AddressBinder.BindEndpointAsync(ListenOptions endpoint, AddressBindContext context)
   --- End of inner exception stack trace ---
   at Microsoft.AspNetCore.Server.Kestrel.Core.Internal.AddressBinder.BindEndpointAsync(ListenOptions endpoint, AddressBindContext context)
   at Microsoft.AspNetCore.Server.Kestrel.Core.LocalhostListenOptions.BindAsync(AddressBindContext context)
   at Microsoft.AspNetCore.Server.Kestrel.Core.Internal.AddressBinder.AddressesStrategy.BindAsync(AddressBindContext context)
   at Microsoft.AspNetCore.Server.Kestrel.Core.Internal.AddressBinder.BindAsync(IServerAddressesFeature addresses, KestrelServerOptions serverOptions, ILogger logger, Func`2 createBinding)
   at Microsoft.AspNetCore.Server.Kestrel.Core.KestrelServer.StartAsync[TContext](IHttpApplication`1 application, CancellationToken cancellationToken)
   at Microsoft.AspNetCore.Hosting.GenericWebHostService.StartAsync(CancellationToken cancellationToken)
   at Microsoft.Extensions.Hosting.Internal.Host.StartAsync(CancellationToken cancellationToken)
   at Microsoft.Extensions.Hosting.HostingAbstractionsHostExtensions.RunAsync(IHost host, CancellationToken token)
   at Microsoft.Extensions.Hosting.HostingAbstractionsHostExtensions.RunAsync(IHost host, CancellationToken token)
   at Microsoft.Extensions.Hosting.HostingAbstractionsHostExtensions.Run(IHost host)
   at Theater.Grpc.Server.User.Program.Main(String[] args) in D:\code\Theater.Api\Theater.Grpc.Server.User\Program.cs:line 25
2021-06-21 12:23:34.9399||DEBUG|Theater.Grpc.Server.User.Program|Application Starting Up 
2021-06-21 12:23:35.5072||FATAL|Microsoft.AspNetCore.Server.Kestrel|Unable to start Kestrel. System.IO.IOException: Failed to bind to address https://127.0.0.1:5001: address already in use.
 ---> Microsoft.AspNetCore.Connections.AddressInUseException: Only one usage of each socket address (protocol/network address/port) is normally permitted.
 ---> System.Net.Sockets.SocketException (10048): Only one usage of each socket address (protocol/network address/port) is normally permitted.
   at System.Net.Sockets.Socket.UpdateStatusAfterSocketErrorAndThrowException(SocketError error, String callerName)
   at System.Net.Sockets.Socket.DoBind(EndPoint endPointSnapshot, SocketAddress socketAddress)
   at System.Net.Sockets.Socket.Bind(EndPoint localEP)
   at Microsoft.AspNetCore.Server.Kestrel.Transport.Sockets.SocketConnectionListener.Bind()
   --- End of inner exception stack trace ---
   at Microsoft.AspNetCore.Server.Kestrel.Transport.Sockets.SocketConnectionListener.Bind()
   at Microsoft.AspNetCore.Server.Kestrel.Transport.Sockets.SocketTransportFactory.BindAsync(EndPoint endpoint, CancellationToken cancellationToken)
   at Microsoft.AspNetCore.Server.Kestrel.Core.KestrelServer.<>c__DisplayClass21_0`1.<<StartAsync>g__OnBind|0>d.MoveNext()
--- End of stack trace from previous location where exception was thrown ---
   at Microsoft.AspNetCore.Server.Kestrel.Core.Internal.AddressBinder.BindEndpointAsync(ListenOptions endpoint, AddressBindContext context)
   --- End of inner exception stack trace ---
   at Microsoft.AspNetCore.Server.Kestrel.Core.Internal.AddressBinder.BindEndpointAsync(ListenOptions endpoint, AddressBindContext context)
   at Microsoft.AspNetCore.Server.Kestrel.Core.LocalhostListenOptions.BindAsync(AddressBindContext context)
   at Microsoft.AspNetCore.Server.Kestrel.Core.Internal.AddressBinder.AddressesStrategy.BindAsync(AddressBindContext context)
   at Microsoft.AspNetCore.Server.Kestrel.Core.Internal.AddressBinder.BindAsync(IServerAddressesFeature addresses, KestrelServerOptions serverOptions, ILogger logger, Func`2 createBinding)
   at Microsoft.AspNetCore.Server.Kestrel.Core.KestrelServer.StartAsync[TContext](IHttpApplication`1 application, CancellationToken cancellationToken)
2021-06-21 12:23:35.5707||ERROR|Theater.Grpc.Server.User.Program|Stopped program because of exception System.IO.IOException: Failed to bind to address https://127.0.0.1:5001: address already in use.
 ---> Microsoft.AspNetCore.Connections.AddressInUseException: Only one usage of each socket address (protocol/network address/port) is normally permitted.
 ---> System.Net.Sockets.SocketException (10048): Only one usage of each socket address (protocol/network address/port) is normally permitted.
   at System.Net.Sockets.Socket.UpdateStatusAfterSocketErrorAndThrowException(SocketError error, String callerName)
   at System.Net.Sockets.Socket.DoBind(EndPoint endPointSnapshot, SocketAddress socketAddress)
   at System.Net.Sockets.Socket.Bind(EndPoint localEP)
   at Microsoft.AspNetCore.Server.Kestrel.Transport.Sockets.SocketConnectionListener.Bind()
   --- End of inner exception stack trace ---
   at Microsoft.AspNetCore.Server.Kestrel.Transport.Sockets.SocketConnectionListener.Bind()
   at Microsoft.AspNetCore.Server.Kestrel.Transport.Sockets.SocketTransportFactory.BindAsync(EndPoint endpoint, CancellationToken cancellationToken)
   at Microsoft.AspNetCore.Server.Kestrel.Core.KestrelServer.<>c__DisplayClass21_0`1.<<StartAsync>g__OnBind|0>d.MoveNext()
--- End of stack trace from previous location where exception was thrown ---
   at Microsoft.AspNetCore.Server.Kestrel.Core.Internal.AddressBinder.BindEndpointAsync(ListenOptions endpoint, AddressBindContext context)
   --- End of inner exception stack trace ---
   at Microsoft.AspNetCore.Server.Kestrel.Core.Internal.AddressBinder.BindEndpointAsync(ListenOptions endpoint, AddressBindContext context)
   at Microsoft.AspNetCore.Server.Kestrel.Core.LocalhostListenOptions.BindAsync(AddressBindContext context)
   at Microsoft.AspNetCore.Server.Kestrel.Core.Internal.AddressBinder.AddressesStrategy.BindAsync(AddressBindContext context)
   at Microsoft.AspNetCore.Server.Kestrel.Core.Internal.AddressBinder.BindAsync(IServerAddressesFeature addresses, KestrelServerOptions serverOptions, ILogger logger, Func`2 createBinding)
   at Microsoft.AspNetCore.Server.Kestrel.Core.KestrelServer.StartAsync[TContext](IHttpApplication`1 application, CancellationToken cancellationToken)
   at Microsoft.AspNetCore.Hosting.GenericWebHostService.StartAsync(CancellationToken cancellationToken)
   at Microsoft.Extensions.Hosting.Internal.Host.StartAsync(CancellationToken cancellationToken)
   at Microsoft.Extensions.Hosting.HostingAbstractionsHostExtensions.RunAsync(IHost host, CancellationToken token)
   at Microsoft.Extensions.Hosting.HostingAbstractionsHostExtensions.RunAsync(IHost host, CancellationToken token)
   at Microsoft.Extensions.Hosting.HostingAbstractionsHostExtensions.Run(IHost host)
   at Theater.Grpc.Server.User.Program.Main(String[] args) in D:\code\Theater.Api\Theater.Grpc.Server.User\Program.cs:line 25
