2021-05-21 11:14:07.6170||DEBUG|Theater.Api.User.Program|Application Starting Up 
2021-05-21 11:14:12.5491||INFO|Microsoft.Hosting.Lifetime|Application started. Press Ctrl+C to shut down. 
2021-05-21 11:14:12.5911||INFO|Microsoft.Hosting.Lifetime|Hosting environment: Development 
2021-05-21 11:14:12.6128||INFO|Microsoft.Hosting.Lifetime|Content root path: D:\code\Theater.Api\Theater.Api.User 
2021-05-21 11:14:34.1272||ERROR|Theater.Api.User.Controllers.UserController|System.ArgumentException: Email is not in correct format
   at Theater.CQRS.BaseGetCommandHandler`2.Handle(TRequest request, CancellationToken cancellationToken) in D:\code\Theater.Api\Theater.CQRS\BaseGetCommandHandler.cs:line 34
   at MediatR.Pipeline.RequestExceptionProcessorBehavior`2.Handle(TRequest request, CancellationToken cancellationToken, RequestHandlerDelegate`1 next)
   at MediatR.Pipeline.RequestExceptionProcessorBehavior`2.Handle(TRequest request, CancellationToken cancellationToken, RequestHandlerDelegate`1 next)
   at MediatR.Pipeline.RequestExceptionActionProcessorBehavior`2.Handle(TRequest request, CancellationToken cancellationToken, RequestHandlerDelegate`1 next)
   at MediatR.Pipeline.RequestExceptionActionProcessorBehavior`2.Handle(TRequest request, CancellationToken cancellationToken, RequestHandlerDelegate`1 next)
   at MediatR.Pipeline.RequestPostProcessorBehavior`2.Handle(TRequest request, CancellationToken cancellationToken, RequestHandlerDelegate`1 next)
   at MediatR.Pipeline.RequestPreProcessorBehavior`2.Handle(TRequest request, CancellationToken cancellationToken, RequestHandlerDelegate`1 next)
   at Theater.Api.User.Controllers.UserController.GetUserByEmailAsync(String email, String password, Int32 mail) in D:\code\Theater.Api\Theater.Api.User\Controllers\UserController.cs:line 46 
2021-05-21 11:14:36.0124||ERROR|Theater.Api.User.Controllers.UserController|System.InvalidOperationException: Not found
   at Theater.Data.Sqlite.User.Repository.UserRepository.GetUserByUserNameAsync(String username, String password) in D:\code\Theater.Api\Theater.Data.Sqlite.User\Repository\UserRepository.cs:line 61
   at Theater.CQRS.BaseGetCommandHandler`2.Handle(TRequest request, CancellationToken cancellationToken) in D:\code\Theater.Api\Theater.CQRS\BaseGetCommandHandler.cs:line 32
   at MediatR.Pipeline.RequestExceptionProcessorBehavior`2.Handle(TRequest request, CancellationToken cancellationToken, RequestHandlerDelegate`1 next)
   at MediatR.Pipeline.RequestExceptionProcessorBehavior`2.Handle(TRequest request, CancellationToken cancellationToken, RequestHandlerDelegate`1 next)
   at MediatR.Pipeline.RequestExceptionActionProcessorBehavior`2.Handle(TRequest request, CancellationToken cancellationToken, RequestHandlerDelegate`1 next)
   at MediatR.Pipeline.RequestExceptionActionProcessorBehavior`2.Handle(TRequest request, CancellationToken cancellationToken, RequestHandlerDelegate`1 next)
   at MediatR.Pipeline.RequestPostProcessorBehavior`2.Handle(TRequest request, CancellationToken cancellationToken, RequestHandlerDelegate`1 next)
   at MediatR.Pipeline.RequestPreProcessorBehavior`2.Handle(TRequest request, CancellationToken cancellationToken, RequestHandlerDelegate`1 next)
   at Theater.Api.User.Controllers.UserController.GetUserByUserNameAsync(String username, String password) in D:\code\Theater.Api\Theater.Api.User\Controllers\UserController.cs:line 28 
2021-05-21 11:19:57.3617||DEBUG|Theater.Api.User.Program|Application Starting Up 
2021-05-21 11:19:59.2378||INFO|Microsoft.Hosting.Lifetime|Application started. Press Ctrl+C to shut down. 
2021-05-21 11:19:59.2579||INFO|Microsoft.Hosting.Lifetime|Hosting environment: Development 
2021-05-21 11:19:59.2681||INFO|Microsoft.Hosting.Lifetime|Content root path: D:\code\Theater.Api\Theater.Api.User 
2021-05-21 11:20:16.5373||ERROR|Theater.Api.User.Controllers.UserController|System.InvalidOperationException: Not found
   at Theater.Data.Sqlite.User.Repository.UserRepository.GetUserByEMailAsync(String email, String password) in D:\code\Theater.Api\Theater.Data.Sqlite.User\Repository\UserRepository.cs:line 43
   at Theater.CQRS.BaseGetCommandHandler`2.Handle(TRequest request, CancellationToken cancellationToken) in D:\code\Theater.Api\Theater.CQRS\BaseGetCommandHandler.cs:line 32
   at MediatR.Pipeline.RequestExceptionProcessorBehavior`2.Handle(TRequest request, CancellationToken cancellationToken, RequestHandlerDelegate`1 next)
   at MediatR.Pipeline.RequestExceptionProcessorBehavior`2.Handle(TRequest request, CancellationToken cancellationToken, RequestHandlerDelegate`1 next)
   at MediatR.Pipeline.RequestExceptionActionProcessorBehavior`2.Handle(TRequest request, CancellationToken cancellationToken, RequestHandlerDelegate`1 next)
   at MediatR.Pipeline.RequestExceptionActionProcessorBehavior`2.Handle(TRequest request, CancellationToken cancellationToken, RequestHandlerDelegate`1 next)
   at MediatR.Pipeline.RequestPostProcessorBehavior`2.Handle(TRequest request, CancellationToken cancellationToken, RequestHandlerDelegate`1 next)
   at MediatR.Pipeline.RequestPreProcessorBehavior`2.Handle(TRequest request, CancellationToken cancellationToken, RequestHandlerDelegate`1 next)
   at Theater.Api.User.Controllers.UserController.GetUserByEmailAsync(String email, String password, Int32 mail) in D:\code\Theater.Api\Theater.Api.User\Controllers\UserController.cs:line 46 
2021-05-21 11:20:16.8383||ERROR|Theater.Api.User.Controllers.UserController|System.InvalidOperationException: Not found
   at Theater.Data.Sqlite.User.Repository.UserRepository.GetUserByUserNameAsync(String username, String password) in D:\code\Theater.Api\Theater.Data.Sqlite.User\Repository\UserRepository.cs:line 61
   at Theater.CQRS.BaseGetCommandHandler`2.Handle(TRequest request, CancellationToken cancellationToken) in D:\code\Theater.Api\Theater.CQRS\BaseGetCommandHandler.cs:line 32
   at MediatR.Pipeline.RequestExceptionProcessorBehavior`2.Handle(TRequest request, CancellationToken cancellationToken, RequestHandlerDelegate`1 next)
   at MediatR.Pipeline.RequestExceptionProcessorBehavior`2.Handle(TRequest request, CancellationToken cancellationToken, RequestHandlerDelegate`1 next)
   at MediatR.Pipeline.RequestExceptionActionProcessorBehavior`2.Handle(TRequest request, CancellationToken cancellationToken, RequestHandlerDelegate`1 next)
   at MediatR.Pipeline.RequestExceptionActionProcessorBehavior`2.Handle(TRequest request, CancellationToken cancellationToken, RequestHandlerDelegate`1 next)
   at MediatR.Pipeline.RequestPostProcessorBehavior`2.Handle(TRequest request, CancellationToken cancellationToken, RequestHandlerDelegate`1 next)
   at MediatR.Pipeline.RequestPreProcessorBehavior`2.Handle(TRequest request, CancellationToken cancellationToken, RequestHandlerDelegate`1 next)
   at Theater.Api.User.Controllers.UserController.GetUserByUserNameAsync(String username, String password) in D:\code\Theater.Api\Theater.Api.User\Controllers\UserController.cs:line 28 
2021-05-21 11:20:42.9153||ERROR|Theater.Api.User.Controllers.UserController|System.InvalidOperationException: Not found
   at Theater.Data.Sqlite.User.Repository.UserRepository.GetUserByEMailAsync(String email, String password) in D:\code\Theater.Api\Theater.Data.Sqlite.User\Repository\UserRepository.cs:line 43
   at Theater.CQRS.BaseGetCommandHandler`2.Handle(TRequest request, CancellationToken cancellationToken) in D:\code\Theater.Api\Theater.CQRS\BaseGetCommandHandler.cs:line 32
   at MediatR.Pipeline.RequestExceptionProcessorBehavior`2.Handle(TRequest request, CancellationToken cancellationToken, RequestHandlerDelegate`1 next)
   at MediatR.Pipeline.RequestExceptionProcessorBehavior`2.Handle(TRequest request, CancellationToken cancellationToken, RequestHandlerDelegate`1 next)
   at MediatR.Pipeline.RequestExceptionActionProcessorBehavior`2.Handle(TRequest request, CancellationToken cancellationToken, RequestHandlerDelegate`1 next)
   at MediatR.Pipeline.RequestExceptionActionProcessorBehavior`2.Handle(TRequest request, CancellationToken cancellationToken, RequestHandlerDelegate`1 next)
   at MediatR.Pipeline.RequestPostProcessorBehavior`2.Handle(TRequest request, CancellationToken cancellationToken, RequestHandlerDelegate`1 next)
   at MediatR.Pipeline.RequestPreProcessorBehavior`2.Handle(TRequest request, CancellationToken cancellationToken, RequestHandlerDelegate`1 next)
   at Theater.Api.User.Controllers.UserController.GetUserByEmailAsync(String email, String password, Int32 mail) in D:\code\Theater.Api\Theater.Api.User\Controllers\UserController.cs:line 46 
2021-05-21 11:20:43.1396||ERROR|Theater.Api.User.Controllers.UserController|System.InvalidOperationException: Not found
   at Theater.Data.Sqlite.User.Repository.UserRepository.GetUserByUserNameAsync(String username, String password) in D:\code\Theater.Api\Theater.Data.Sqlite.User\Repository\UserRepository.cs:line 61
   at Theater.CQRS.BaseGetCommandHandler`2.Handle(TRequest request, CancellationToken cancellationToken) in D:\code\Theater.Api\Theater.CQRS\BaseGetCommandHandler.cs:line 32
   at MediatR.Pipeline.RequestExceptionProcessorBehavior`2.Handle(TRequest request, CancellationToken cancellationToken, RequestHandlerDelegate`1 next)
   at MediatR.Pipeline.RequestExceptionProcessorBehavior`2.Handle(TRequest request, CancellationToken cancellationToken, RequestHandlerDelegate`1 next)
   at MediatR.Pipeline.RequestExceptionActionProcessorBehavior`2.Handle(TRequest request, CancellationToken cancellationToken, RequestHandlerDelegate`1 next)
   at MediatR.Pipeline.RequestExceptionActionProcessorBehavior`2.Handle(TRequest request, CancellationToken cancellationToken, RequestHandlerDelegate`1 next)
   at MediatR.Pipeline.RequestPostProcessorBehavior`2.Handle(TRequest request, CancellationToken cancellationToken, RequestHandlerDelegate`1 next)
   at MediatR.Pipeline.RequestPreProcessorBehavior`2.Handle(TRequest request, CancellationToken cancellationToken, RequestHandlerDelegate`1 next)
   at Theater.Api.User.Controllers.UserController.GetUserByUserNameAsync(String username, String password) in D:\code\Theater.Api\Theater.Api.User\Controllers\UserController.cs:line 28 
2021-05-21 11:20:51.6292||ERROR|Theater.Api.User.Controllers.UserController|System.InvalidOperationException: Not found
   at Theater.Data.Sqlite.User.Repository.UserRepository.GetUserByEMailAsync(String email, String password) in D:\code\Theater.Api\Theater.Data.Sqlite.User\Repository\UserRepository.cs:line 43
   at Theater.CQRS.BaseGetCommandHandler`2.Handle(TRequest request, CancellationToken cancellationToken) in D:\code\Theater.Api\Theater.CQRS\BaseGetCommandHandler.cs:line 32
   at MediatR.Pipeline.RequestExceptionProcessorBehavior`2.Handle(TRequest request, CancellationToken cancellationToken, RequestHandlerDelegate`1 next)
   at MediatR.Pipeline.RequestExceptionProcessorBehavior`2.Handle(TRequest request, CancellationToken cancellationToken, RequestHandlerDelegate`1 next)
   at MediatR.Pipeline.RequestExceptionActionProcessorBehavior`2.Handle(TRequest request, CancellationToken cancellationToken, RequestHandlerDelegate`1 next)
   at MediatR.Pipeline.RequestExceptionActionProcessorBehavior`2.Handle(TRequest request, CancellationToken cancellationToken, RequestHandlerDelegate`1 next)
   at MediatR.Pipeline.RequestPostProcessorBehavior`2.Handle(TRequest request, CancellationToken cancellationToken, RequestHandlerDelegate`1 next)
   at MediatR.Pipeline.RequestPreProcessorBehavior`2.Handle(TRequest request, CancellationToken cancellationToken, RequestHandlerDelegate`1 next)
   at Theater.Api.User.Controllers.UserController.GetUserByEmailAsync(String email, String password, Int32 mail) in D:\code\Theater.Api\Theater.Api.User\Controllers\UserController.cs:line 46 
2021-05-21 11:20:51.8759||ERROR|Theater.Api.User.Controllers.UserController|System.InvalidOperationException: Not found
   at Theater.Data.Sqlite.User.Repository.UserRepository.GetUserByUserNameAsync(String username, String password) in D:\code\Theater.Api\Theater.Data.Sqlite.User\Repository\UserRepository.cs:line 61
   at Theater.CQRS.BaseGetCommandHandler`2.Handle(TRequest request, CancellationToken cancellationToken) in D:\code\Theater.Api\Theater.CQRS\BaseGetCommandHandler.cs:line 32
   at MediatR.Pipeline.RequestExceptionProcessorBehavior`2.Handle(TRequest request, CancellationToken cancellationToken, RequestHandlerDelegate`1 next)
   at MediatR.Pipeline.RequestExceptionProcessorBehavior`2.Handle(TRequest request, CancellationToken cancellationToken, RequestHandlerDelegate`1 next)
   at MediatR.Pipeline.RequestExceptionActionProcessorBehavior`2.Handle(TRequest request, CancellationToken cancellationToken, RequestHandlerDelegate`1 next)
   at MediatR.Pipeline.RequestExceptionActionProcessorBehavior`2.Handle(TRequest request, CancellationToken cancellationToken, RequestHandlerDelegate`1 next)
   at MediatR.Pipeline.RequestPostProcessorBehavior`2.Handle(TRequest request, CancellationToken cancellationToken, RequestHandlerDelegate`1 next)
   at MediatR.Pipeline.RequestPreProcessorBehavior`2.Handle(TRequest request, CancellationToken cancellationToken, RequestHandlerDelegate`1 next)
   at Theater.Api.User.Controllers.UserController.GetUserByUserNameAsync(String username, String password) in D:\code\Theater.Api\Theater.Api.User\Controllers\UserController.cs:line 28 
